Using pre-set license
Built from '2021.3/staging' branch; Version is '2021.3.7f1 (24e8595d6d43) revision 2418777'; Using compiler version '192829333'; Build Type 'Release'
OS: 'Windows 10  (10.0.19044) 64bit Core' Language: 'it' Physical Memory: 32670 MB
BatchMode: 1, IsHumanControllingUs: 0, StartBugReporterOnCrash: 0, Is64bit: 1, IsPro: 1

COMMAND LINE ARGUMENTS:
C:\Program Files\Unity\Hub\Editor\2021.3.7f1\Editor\Unity.exe
-adb2
-batchMode
-noUpm
-name
AssetImportWorker2
-projectPath
D:/tesi Triennali Magistrali/VR-CSEducation/Educational-Game-Room/Game_Room
-logFile
Logs/AssetImportWorker2.log
-srvPort
62896
Successfully changed project path to: D:/tesi Triennali Magistrali/VR-CSEducation/Educational-Game-Room/Game_Room
D:/tesi Triennali Magistrali/VR-CSEducation/Educational-Game-Room/Game_Room
[UnityMemory] Configuration Parameters - Can be set up in boot.config
    "memorysetup-bucket-allocator-granularity=16"
    "memorysetup-bucket-allocator-bucket-count=8"
    "memorysetup-bucket-allocator-block-size=33554432"
    "memorysetup-bucket-allocator-block-count=8"
    "memorysetup-main-allocator-block-size=16777216"
    "memorysetup-thread-allocator-block-size=16777216"
    "memorysetup-gfx-main-allocator-block-size=16777216"
    "memorysetup-gfx-thread-allocator-block-size=16777216"
    "memorysetup-cache-allocator-block-size=4194304"
    "memorysetup-typetree-allocator-block-size=2097152"
    "memorysetup-profiler-bucket-allocator-granularity=16"
    "memorysetup-profiler-bucket-allocator-bucket-count=8"
    "memorysetup-profiler-bucket-allocator-block-size=33554432"
    "memorysetup-profiler-bucket-allocator-block-count=8"
    "memorysetup-profiler-allocator-block-size=16777216"
    "memorysetup-profiler-editor-allocator-block-size=1048576"
    "memorysetup-temp-allocator-size-main=16777216"
    "memorysetup-job-temp-allocator-block-size=2097152"
    "memorysetup-job-temp-allocator-block-size-background=1048576"
    "memorysetup-job-temp-allocator-reduction-small-platforms=262144"
    "memorysetup-temp-allocator-size-background-worker=32768"
    "memorysetup-temp-allocator-size-job-worker=262144"
    "memorysetup-temp-allocator-size-preload-manager=33554432"
    "memorysetup-temp-allocator-size-nav-mesh-worker=65536"
    "memorysetup-temp-allocator-size-audio-worker=65536"
    "memorysetup-temp-allocator-size-cloud-worker=32768"
    "memorysetup-temp-allocator-size-gi-baking-worker=262144"
    "memorysetup-temp-allocator-size-gfx=262144"
Refreshing native plugins compatible for Editor in 218.36 ms, found 7 plugins.
Preloading 0 native plugins for Editor in 0.00 ms.
Initialize engine version: 2021.3.7f1 (24e8595d6d43)
[Subsystems] Discovering subsystems at path C:/Program Files/Unity/Hub/Editor/2021.3.7f1/Editor/Data/Resources/UnitySubsystems
[Subsystems] Discovering subsystems at path D:/tesi Triennali Magistrali/VR-CSEducation/Educational-Game-Room/Game_Room/Assets
GfxDevice: creating device client; threaded=0; jobified=0
Direct3D:
    Version:  Direct3D 11.0 [level 11.1]
    Renderer: NVIDIA GeForce GTX 1080 (ID=0x1b80)
    Vendor:   NVIDIA
    VRAM:     8079 MB
    Driver:   27.21.14.5751
Initialize mono
Mono path[0] = 'C:/Program Files/Unity/Hub/Editor/2021.3.7f1/Editor/Data/Managed'
Mono path[1] = 'C:/Program Files/Unity/Hub/Editor/2021.3.7f1/Editor/Data/MonoBleedingEdge/lib/mono/unityjit-win32'
Mono config path = 'C:/Program Files/Unity/Hub/Editor/2021.3.7f1/Editor/Data/MonoBleedingEdge/etc'
Using monoOptions --debugger-agent=transport=dt_socket,embedding=1,server=y,suspend=n,address=127.0.0.1:56844
Begin MonoManager ReloadAssembly
Registering precompiled unity dll's ...
Register platform support module: C:/Program Files/Unity/Hub/Editor/2021.3.7f1/Editor/Data/PlaybackEngines/WindowsStandaloneSupport/UnityEditor.WindowsStandalone.Extensions.dll
Registered in 0.010733 seconds.
Native extension for WindowsStandalone target not found
Refreshing native plugins compatible for Editor in 179.83 ms, found 7 plugins.
Preloading 0 native plugins for Editor in 0.00 ms.
Mono: successfully reloaded assembly
- Completed reload, in  0.828 seconds
Domain Reload Profiling:
	ReloadAssembly (828ms)
		BeginReloadAssembly (93ms)
			ExecutionOrderSort (0ms)
			DisableScriptedObjects (0ms)
			BackupInstance (0ms)
			ReleaseScriptingObjects (0ms)
			CreateAndSetChildDomain (1ms)
		EndReloadAssembly (601ms)
			LoadAssemblies (89ms)
			RebuildTransferFunctionScriptingTraits (0ms)
			SetupTypeCache (114ms)
			ReleaseScriptCaches (0ms)
			RebuildScriptCaches (32ms)
			SetupLoadedEditorAssemblies (395ms)
				LogAssemblyErrors (0ms)
				InitializePlatformSupportModulesInManaged (12ms)
				SetLoadedEditorAssemblies (0ms)
				RefreshPlugins (180ms)
				BeforeProcessingInitializeOnLoad (1ms)
				ProcessInitializeOnLoadAttributes (150ms)
				ProcessInitializeOnLoadMethodAttributes (51ms)
				AfterProcessingInitializeOnLoad (0ms)
				EditorAssembliesLoaded (0ms)
			ExecutionOrderSort2 (0ms)
			AwakeInstancesAfterBackupRestoration (0ms)
Platform modules already initialized, skipping
Registering precompiled user dll's ...
Registered in 0.009395 seconds.
Begin MonoManager ReloadAssembly
Symbol file data-0000028A42346D00 doesn't match image D:\tesi Triennali Magistrali\VR-CSEducation\Educational-Game-Room\Game_Room\Library\ScriptAssemblies\UnityEditor.TestRunner.dll
Symbol file LoadedFromMemory is not a mono symbol file
Symbol file data-0000028A42C1F2E0 doesn't match image D:\tesi Triennali Magistrali\VR-CSEducation\Educational-Game-Room\Game_Room\Library\ScriptAssemblies\Unity.Rider.Editor.dll
Symbol file LoadedFromMemory is not a mono symbol file
Symbol file data-0000028A43765F60 doesn't match image D:\tesi Triennali Magistrali\VR-CSEducation\Educational-Game-Room\Game_Room\Library\ScriptAssemblies\Unity.Burst.CodeGen.dll
Symbol file LoadedFromMemory is not a mono symbol file
Symbol file data-0000028A44411C60 doesn't match image D:\tesi Triennali Magistrali\VR-CSEducation\Educational-Game-Room\Game_Room\Library\ScriptAssemblies\Unity.VisualStudio.Editor.dll
Symbol file LoadedFromMemory is not a mono symbol file
Symbol file data-0000028A3E2AA3F0 doesn't match image D:\tesi Triennali Magistrali\VR-CSEducation\Educational-Game-Room\Game_Room\Library\ScriptAssemblies\UnityEngine.TestRunner.dll
Symbol file LoadedFromMemory is not a mono symbol file
Symbol file data-0000028A44E66BE0 doesn't match image D:\tesi Triennali Magistrali\VR-CSEducation\Educational-Game-Room\Game_Room\Library\ScriptAssemblies\Unity.PlasticSCM.Editor.dll
Symbol file LoadedFromMemory is not a mono symbol file
Symbol file data-0000028A453C0BB0 doesn't match image D:\tesi Triennali Magistrali\VR-CSEducation\Educational-Game-Room\Game_Room\Library\ScriptAssemblies\Unity.TestTools.CodeCoverage.Editor.dll
Symbol file LoadedFromMemory is not a mono symbol file
Symbol file LoadedFromMemory doesn't match image D:\tesi Triennali Magistrali\VR-CSEducation\Educational-Game-Room\Game_Room\Library\PackageCache\com.unity.visualscripting@1.7.8\Editor\VisualScripting.Core\Dependencies\YamlDotNet\Unity.VisualScripting.YamlDotNet.dll
Symbol file LoadedFromMemory doesn't match image D:\tesi Triennali Magistrali\VR-CSEducation\Educational-Game-Room\Game_Room\Library\PackageCache\com.unity.visualscripting@1.7.8\Editor\VisualScripting.Core\Dependencies\DotNetZip\Unity.VisualScripting.IonicZip.dll
Native extension for WindowsStandalone target not found
Refreshing native plugins compatible for Editor in 499.90 ms, found 7 plugins.
Preloading 0 native plugins for Editor in 0.00 ms.
Package Manager log level set to [2]
Mono: successfully reloaded assembly
- Completed reload, in  2.442 seconds
Domain Reload Profiling:
	ReloadAssembly (2443ms)
		BeginReloadAssembly (120ms)
			ExecutionOrderSort (0ms)
			DisableScriptedObjects (6ms)
			BackupInstance (0ms)
			ReleaseScriptingObjects (0ms)
			CreateAndSetChildDomain (20ms)
		EndReloadAssembly (2194ms)
			LoadAssemblies (119ms)
			RebuildTransferFunctionScriptingTraits (0ms)
			SetupTypeCache (455ms)
			ReleaseScriptCaches (1ms)
			RebuildScriptCaches (107ms)
			SetupLoadedEditorAssemblies (1447ms)
				LogAssemblyErrors (0ms)
				InitializePlatformSupportModulesInManaged (9ms)
				SetLoadedEditorAssemblies (0ms)
				RefreshPlugins (500ms)
				BeforeProcessingInitializeOnLoad (314ms)
				ProcessInitializeOnLoadAttributes (507ms)
				ProcessInitializeOnLoadMethodAttributes (105ms)
				AfterProcessingInitializeOnLoad (12ms)
				EditorAssembliesLoaded (0ms)
			ExecutionOrderSort2 (0ms)
			AwakeInstancesAfterBackupRestoration (7ms)
Platform modules already initialized, skipping
========================================================================
Worker process is ready to serve import requests
Launched and connected shader compiler UnityShaderCompiler.exe after 0.13 seconds
Refreshing native plugins compatible for Editor in 2.15 ms, found 7 plugins.
Preloading 0 native plugins for Editor in 0.00 ms.
Unloading 6960 Unused Serialized files (Serialized files now loaded: 0)
Unloading 64 unused Assets / (0.8 MB). Loaded Objects now: 7425.
Memory consumption went from 279.0 MB to 278.2 MB.
Total: 4.781600 ms (FindLiveObjects: 0.522500 ms CreateObjectMapping: 0.480000 ms MarkObjects: 3.412300 ms  DeleteObjects: 0.366000 ms)

AssetImportParameters requested are different than current active one (requested -> active):
  custom:video-decoder-ogg-theora: a1e56fd34408186e4bbccfd4996cb3dc -> 
  custom:container-muxer-webm: aa71ff27fc2769a1b78a27578f13a17b -> 
  custom:container-demuxer-webm: 4f35f7cbe854078d1ac9338744f61a02 -> 
  custom:video-encoder-webm-vp8: eb34c28f22e8b96e1ab97ce403110664 -> 
  custom:video-codec-MediaFoundation-h265: 746d11721c4dcdbdad8f713fa42b33f4 -> 
  custom:audio-encoder-webm-vorbis: bf7c407c2cedff20999df2af8eb42d56 -> 
  custom:framework-win-MediaFoundation: 216162199b28c13a410421893ffa2e32 -> 
  custom:container-demuxer-ogg: 62fdf1f143b41e24485cea50d1cbac27 -> 
  custom:video-decoder-webm-vp8: 9c59270c3fd7afecdb556c50c9e8de78 -> 
  custom:audio-decoder-ogg-vorbis: bf7c407c2cedff20999df2af8eb42d56 -> 
========================================================================
Received Prepare
Registering precompiled user dll's ...
Registered in 0.009463 seconds.
Begin MonoManager ReloadAssembly
Symbol file data-0000028A44B00080 doesn't match image D:\tesi Triennali Magistrali\VR-CSEducation\Educational-Game-Room\Game_Room\Library\ScriptAssemblies\UnityEditor.TestRunner.dll
Symbol file LoadedFromMemory is not a mono symbol file
Symbol file data-0000028A42C212F0 doesn't match image D:\tesi Triennali Magistrali\VR-CSEducation\Educational-Game-Room\Game_Room\Library\ScriptAssemblies\Unity.Rider.Editor.dll
Symbol file LoadedFromMemory is not a mono symbol file
Symbol file data-0000028A47FA2CC0 doesn't match image D:\tesi Triennali Magistrali\VR-CSEducation\Educational-Game-Room\Game_Room\Library\ScriptAssemblies\Unity.Burst.CodeGen.dll
Symbol file LoadedFromMemory is not a mono symbol file
Symbol file data-0000028A458C8E20 doesn't match image D:\tesi Triennali Magistrali\VR-CSEducation\Educational-Game-Room\Game_Room\Library\ScriptAssemblies\Unity.VisualStudio.Editor.dll
Symbol file LoadedFromMemory is not a mono symbol file
Symbol file data-0000028A493A9540 doesn't match image D:\tesi Triennali Magistrali\VR-CSEducation\Educational-Game-Room\Game_Room\Library\ScriptAssemblies\UnityEngine.TestRunner.dll
Symbol file LoadedFromMemory is not a mono symbol file
Symbol file data-0000028A4832A010 doesn't match image D:\tesi Triennali Magistrali\VR-CSEducation\Educational-Game-Room\Game_Room\Library\ScriptAssemblies\Unity.PlasticSCM.Editor.dll
Symbol file LoadedFromMemory is not a mono symbol file
Symbol file data-0000028A49BD8F30 doesn't match image D:\tesi Triennali Magistrali\VR-CSEducation\Educational-Game-Room\Game_Room\Library\ScriptAssemblies\Unity.TestTools.CodeCoverage.Editor.dll
Symbol file LoadedFromMemory is not a mono symbol file
Symbol file LoadedFromMemory doesn't match image D:\tesi Triennali Magistrali\VR-CSEducation\Educational-Game-Room\Game_Room\Library\PackageCache\com.unity.visualscripting@1.7.8\Editor\VisualScripting.Core\Dependencies\YamlDotNet\Unity.VisualScripting.YamlDotNet.dll
Symbol file LoadedFromMemory doesn't match image D:\tesi Triennali Magistrali\VR-CSEducation\Educational-Game-Room\Game_Room\Library\PackageCache\com.unity.visualscripting@1.7.8\Editor\VisualScripting.Core\Dependencies\DotNetZip\Unity.VisualScripting.IonicZip.dll
Native extension for WindowsStandalone target not found
Refreshing native plugins compatible for Editor in 1.89 ms, found 7 plugins.
Preloading 0 native plugins for Editor in 0.00 ms.
Mono: successfully reloaded assembly
- Completed reload, in  1.782 seconds
Domain Reload Profiling:
	ReloadAssembly (1783ms)
		BeginReloadAssembly (185ms)
			ExecutionOrderSort (0ms)
			DisableScriptedObjects (7ms)
			BackupInstance (0ms)
			ReleaseScriptingObjects (0ms)
			CreateAndSetChildDomain (56ms)
		EndReloadAssembly (1464ms)
			LoadAssemblies (129ms)
			RebuildTransferFunctionScriptingTraits (0ms)
			SetupTypeCache (461ms)
			ReleaseScriptCaches (3ms)
			RebuildScriptCaches (71ms)
			SetupLoadedEditorAssemblies (725ms)
				LogAssemblyErrors (0ms)
				InitializePlatformSupportModulesInManaged (18ms)
				SetLoadedEditorAssemblies (1ms)
				RefreshPlugins (2ms)
				BeforeProcessingInitializeOnLoad (161ms)
				ProcessInitializeOnLoadAttributes (425ms)
				ProcessInitializeOnLoadMethodAttributes (105ms)
				AfterProcessingInitializeOnLoad (13ms)
				EditorAssembliesLoaded (0ms)
			ExecutionOrderSort2 (0ms)
			AwakeInstancesAfterBackupRestoration (20ms)
Platform modules already initialized, skipping
Refreshing native plugins compatible for Editor in 3.58 ms, found 7 plugins.
Preloading 0 native plugins for Editor in 0.00 ms.
Unloading 6777 Unused Serialized files (Serialized files now loaded: 0)
Unloading 36 unused Assets / (0.7 MB). Loaded Objects now: 7441.
Memory consumption went from 277.1 MB to 276.4 MB.
Total: 4.525700 ms (FindLiveObjects: 0.470900 ms CreateObjectMapping: 0.422900 ms MarkObjects: 3.272300 ms  DeleteObjects: 0.358800 ms)

AssetImportParameters requested are different than current active one (requested -> active):
  custom:video-decoder-ogg-theora: a1e56fd34408186e4bbccfd4996cb3dc -> 
  custom:container-muxer-webm: aa71ff27fc2769a1b78a27578f13a17b -> 
  custom:container-demuxer-webm: 4f35f7cbe854078d1ac9338744f61a02 -> 
  custom:video-encoder-webm-vp8: eb34c28f22e8b96e1ab97ce403110664 -> 
  custom:video-codec-MediaFoundation-h265: 746d11721c4dcdbdad8f713fa42b33f4 -> 
  custom:audio-encoder-webm-vorbis: bf7c407c2cedff20999df2af8eb42d56 -> 
  custom:framework-win-MediaFoundation: 216162199b28c13a410421893ffa2e32 -> 
  custom:container-demuxer-ogg: 62fdf1f143b41e24485cea50d1cbac27 -> 
  custom:video-decoder-webm-vp8: 9c59270c3fd7afecdb556c50c9e8de78 -> 
  custom:audio-decoder-ogg-vorbis: bf7c407c2cedff20999df2af8eb42d56 -> 
========================================================================
Received Import Request.
  Time since last request: 694920.998010 seconds.
  path: Assets/Blockly/Scripts/Block/Interface/IEndStatement.cs
  artifactKey: Guid(e7fedcb5fb8e0224f860182182837b1c) Importer(815301076,1909f56bfc062723c751e8b465ee728b)
Start importing Assets/Blockly/Scripts/Block/Interface/IEndStatement.cs using Guid(e7fedcb5fb8e0224f860182182837b1c) Importer(815301076,1909f56bfc062723c751e8b465ee728b)  -> (artifact id: 'f42c1ad880d2d16edcf5a47d0d97c009') in 0.048816 seconds 
========================================================================
Received Import Request.
  Time since last request: 4.456396 seconds.
  path: Assets/Blockly/Scripts/Block/BlockCreateVar.cs
  artifactKey: Guid(1f0e7fd4489aa5b4c90d54b646ed7171) Importer(815301076,1909f56bfc062723c751e8b465ee728b)
Start importing Assets/Blockly/Scripts/Block/BlockCreateVar.cs using Guid(1f0e7fd4489aa5b4c90d54b646ed7171) Importer(815301076,1909f56bfc062723c751e8b465ee728b)  -> (artifact id: 'f3c44492bd2722dd130b2c493758438a') in 0.002423 seconds 
========================================================================
Received Import Request.
  Time since last request: 416.438645 seconds.
  path: Assets/Blockly/Scripts/Block/BlockIf.cs
  artifactKey: Guid(bedc29c3d3493c743acf229656e0a1a2) Importer(815301076,1909f56bfc062723c751e8b465ee728b)
Start importing Assets/Blockly/Scripts/Block/BlockIf.cs using Guid(bedc29c3d3493c743acf229656e0a1a2) Importer(815301076,1909f56bfc062723c751e8b465ee728b)  -> (artifact id: '1a2ea0d000784e637322b789080d35f7') in 0.002609 seconds 
========================================================================
Received Import Request.
  Time since last request: 341.147920 seconds.
  path: Assets/Blockly/Scripts/DragAndDrop/DragDrop.cs
  artifactKey: Guid(f199a8e3e70870144babfeb2a2927646) Importer(815301076,1909f56bfc062723c751e8b465ee728b)
Start importing Assets/Blockly/Scripts/DragAndDrop/DragDrop.cs using Guid(f199a8e3e70870144babfeb2a2927646) Importer(815301076,1909f56bfc062723c751e8b465ee728b)  -> (artifact id: 'c175ca5a2ab509964f4cf0bc404becdd') in 0.005605 seconds 
========================================================================
Received Import Request.
  Time since last request: 0.423477 seconds.
  path: Assets/Blockly/Scripts/DragAndDrop/DropInTrashCan.cs
  artifactKey: Guid(93db165562c8c2f45b1c61dfa6024acd) Importer(815301076,1909f56bfc062723c751e8b465ee728b)
Start importing Assets/Blockly/Scripts/DragAndDrop/DropInTrashCan.cs using Guid(93db165562c8c2f45b1c61dfa6024acd) Importer(815301076,1909f56bfc062723c751e8b465ee728b)  -> (artifact id: '669471fe361c9d750b33aeaa3b11fb84') in 0.006191 seconds 
========================================================================
Received Import Request.
  Time since last request: 0.339348 seconds.
  path: Assets/Blockly/Scripts/Calculator.cs
  artifactKey: Guid(ce071c0b57f02ef4d9207b4eb39164e5) Importer(815301076,1909f56bfc062723c751e8b465ee728b)
Start importing Assets/Blockly/Scripts/Calculator.cs using Guid(ce071c0b57f02ef4d9207b4eb39164e5) Importer(815301076,1909f56bfc062723c751e8b465ee728b)  -> (artifact id: '36d6a33e7c5bf3c119e8f3552a525a1e') in 0.003676 seconds 
========================================================================
Received Import Request.
  Time since last request: 1.556751 seconds.
  path: Assets/Blockly/Scripts/ErrorCode.cs
  artifactKey: Guid(4261d1cec4282d9499259eef0ded7a2c) Importer(815301076,1909f56bfc062723c751e8b465ee728b)
Start importing Assets/Blockly/Scripts/ErrorCode.cs using Guid(4261d1cec4282d9499259eef0ded7a2c) Importer(815301076,1909f56bfc062723c751e8b465ee728b)  -> (artifact id: 'a39e0801d279ec64699c334422368f7e') in 0.005925 seconds 
========================================================================
Received Import Request.
  Time since last request: 395.206638 seconds.
  path: Assets/Blockly/Scripts/DragAndDrop/DropPosition.cs
  artifactKey: Guid(f8e651336665131439e66ba64d2922cd) Importer(815301076,1909f56bfc062723c751e8b465ee728b)
Start importing Assets/Blockly/Scripts/DragAndDrop/DropPosition.cs using Guid(f8e651336665131439e66ba64d2922cd) Importer(815301076,1909f56bfc062723c751e8b465ee728b)  -> (artifact id: '53696cc03950f438d2852ac5f736744f') in 0.007247 seconds 
========================================================================
Received Prepare
Registering precompiled user dll's ...
Registered in 0.013567 seconds.
Begin MonoManager ReloadAssembly
Symbol file data-0000028A44B00080 doesn't match image D:\tesi Triennali Magistrali\VR-CSEducation\Educational-Game-Room\Game_Room\Library\ScriptAssemblies\UnityEditor.TestRunner.dll
Symbol file LoadedFromMemory is not a mono symbol file
Symbol file data-0000028A42C212F0 doesn't match image D:\tesi Triennali Magistrali\VR-CSEducation\Educational-Game-Room\Game_Room\Library\ScriptAssemblies\Unity.Rider.Editor.dll
Symbol file LoadedFromMemory is not a mono symbol file
Symbol file data-0000028A420C0A80 doesn't match image D:\tesi Triennali Magistrali\VR-CSEducation\Educational-Game-Room\Game_Room\Library\ScriptAssemblies\Unity.Burst.CodeGen.dll
Symbol file LoadedFromMemory is not a mono symbol file
Symbol file data-0000028A458C8C90 doesn't match image D:\tesi Triennali Magistrali\VR-CSEducation\Educational-Game-Room\Game_Room\Library\ScriptAssemblies\Unity.VisualStudio.Editor.dll
Symbol file LoadedFromMemory is not a mono symbol file
Symbol file data-0000028A49689020 doesn't match image D:\tesi Triennali Magistrali\VR-CSEducation\Educational-Game-Room\Game_Room\Library\ScriptAssemblies\UnityEngine.TestRunner.dll
Symbol file LoadedFromMemory is not a mono symbol file
Symbol file data-0000028A48777010 doesn't match image D:\tesi Triennali Magistrali\VR-CSEducation\Educational-Game-Room\Game_Room\Library\ScriptAssemblies\Unity.PlasticSCM.Editor.dll
Symbol file LoadedFromMemory is not a mono symbol file
Symbol file data-0000028A424F6020 doesn't match image D:\tesi Triennali Magistrali\VR-CSEducation\Educational-Game-Room\Game_Room\Library\ScriptAssemblies\Unity.TestTools.CodeCoverage.Editor.dll
Symbol file LoadedFromMemory is not a mono symbol file
Symbol file LoadedFromMemory doesn't match image D:\tesi Triennali Magistrali\VR-CSEducation\Educational-Game-Room\Game_Room\Library\PackageCache\com.unity.visualscripting@1.7.8\Editor\VisualScripting.Core\Dependencies\YamlDotNet\Unity.VisualScripting.YamlDotNet.dll
Symbol file LoadedFromMemory doesn't match image D:\tesi Triennali Magistrali\VR-CSEducation\Educational-Game-Room\Game_Room\Library\PackageCache\com.unity.visualscripting@1.7.8\Editor\VisualScripting.Core\Dependencies\DotNetZip\Unity.VisualScripting.IonicZip.dll
Native extension for WindowsStandalone target not found
Refreshing native plugins compatible for Editor in 2.31 ms, found 7 plugins.
Preloading 0 native plugins for Editor in 0.00 ms.
Mono: successfully reloaded assembly
- Completed reload, in  2.933 seconds
Domain Reload Profiling:
	ReloadAssembly (2935ms)
		BeginReloadAssembly (472ms)
			ExecutionOrderSort (0ms)
			DisableScriptedObjects (25ms)
			BackupInstance (0ms)
			ReleaseScriptingObjects (1ms)
			CreateAndSetChildDomain (208ms)
		EndReloadAssembly (2207ms)
			LoadAssemblies (196ms)
			RebuildTransferFunctionScriptingTraits (0ms)
			SetupTypeCache (642ms)
			ReleaseScriptCaches (4ms)
			RebuildScriptCaches (122ms)
			SetupLoadedEditorAssemblies (1171ms)
				LogAssemblyErrors (0ms)
				InitializePlatformSupportModulesInManaged (19ms)
				SetLoadedEditorAssemblies (1ms)
				RefreshPlugins (2ms)
				BeforeProcessingInitializeOnLoad (196ms)
				ProcessInitializeOnLoadAttributes (751ms)
				ProcessInitializeOnLoadMethodAttributes (183ms)
				AfterProcessingInitializeOnLoad (19ms)
				EditorAssembliesLoaded (0ms)
			ExecutionOrderSort2 (0ms)
			AwakeInstancesAfterBackupRestoration (28ms)
Platform modules already initialized, skipping
Refreshing native plugins compatible for Editor in 10.77 ms, found 7 plugins.
Preloading 0 native plugins for Editor in 0.00 ms.
Unloading 6777 Unused Serialized files (Serialized files now loaded: 0)
Unloading 36 unused Assets / (0.8 MB). Loaded Objects now: 7457.
Memory consumption went from 277.2 MB to 276.4 MB.
Total: 13.861200 ms (FindLiveObjects: 0.787200 ms CreateObjectMapping: 1.009300 ms MarkObjects: 11.434600 ms  DeleteObjects: 0.628800 ms)

AssetImportParameters requested are different than current active one (requested -> active):
  custom:video-decoder-ogg-theora: a1e56fd34408186e4bbccfd4996cb3dc -> 
  custom:container-muxer-webm: aa71ff27fc2769a1b78a27578f13a17b -> 
  custom:container-demuxer-webm: 4f35f7cbe854078d1ac9338744f61a02 -> 
  custom:video-encoder-webm-vp8: eb34c28f22e8b96e1ab97ce403110664 -> 
  custom:video-codec-MediaFoundation-h265: 746d11721c4dcdbdad8f713fa42b33f4 -> 
  custom:audio-encoder-webm-vorbis: bf7c407c2cedff20999df2af8eb42d56 -> 
  custom:framework-win-MediaFoundation: 216162199b28c13a410421893ffa2e32 -> 
  custom:container-demuxer-ogg: 62fdf1f143b41e24485cea50d1cbac27 -> 
  custom:video-decoder-webm-vp8: 9c59270c3fd7afecdb556c50c9e8de78 -> 
  custom:audio-decoder-ogg-vorbis: bf7c407c2cedff20999df2af8eb42d56 -> 
========================================================================
Received Prepare
Registering precompiled user dll's ...
Registered in 0.012852 seconds.
Begin MonoManager ReloadAssembly
Symbol file data-0000028A4AC2C060 doesn't match image D:\tesi Triennali Magistrali\VR-CSEducation\Educational-Game-Room\Game_Room\Library\ScriptAssemblies\UnityEditor.TestRunner.dll
Symbol file LoadedFromMemory is not a mono symbol file
Symbol file data-0000028A9240EAC0 doesn't match image D:\tesi Triennali Magistrali\VR-CSEducation\Educational-Game-Room\Game_Room\Library\ScriptAssemblies\Unity.Rider.Editor.dll
Symbol file LoadedFromMemory is not a mono symbol file
Symbol file data-0000028A42CA9070 doesn't match image D:\tesi Triennali Magistrali\VR-CSEducation\Educational-Game-Room\Game_Room\Library\ScriptAssemblies\Unity.Burst.CodeGen.dll
Symbol file LoadedFromMemory is not a mono symbol file
Symbol file data-0000028A486E9CF0 doesn't match image D:\tesi Triennali Magistrali\VR-CSEducation\Educational-Game-Room\Game_Room\Library\ScriptAssemblies\Unity.VisualStudio.Editor.dll
Symbol file LoadedFromMemory is not a mono symbol file
Symbol file data-0000028A4FAD1C00 doesn't match image D:\tesi Triennali Magistrali\VR-CSEducation\Educational-Game-Room\Game_Room\Library\ScriptAssemblies\UnityEngine.TestRunner.dll
Symbol file LoadedFromMemory is not a mono symbol file
Symbol file data-0000028A4D707040 doesn't match image D:\tesi Triennali Magistrali\VR-CSEducation\Educational-Game-Room\Game_Room\Library\ScriptAssemblies\Unity.PlasticSCM.Editor.dll
Symbol file LoadedFromMemory is not a mono symbol file
Symbol file data-0000028A4DD0F030 doesn't match image D:\tesi Triennali Magistrali\VR-CSEducation\Educational-Game-Room\Game_Room\Library\ScriptAssemblies\Unity.TestTools.CodeCoverage.Editor.dll
Symbol file LoadedFromMemory is not a mono symbol file
Symbol file LoadedFromMemory doesn't match image D:\tesi Triennali Magistrali\VR-CSEducation\Educational-Game-Room\Game_Room\Library\PackageCache\com.unity.visualscripting@1.7.8\Editor\VisualScripting.Core\Dependencies\YamlDotNet\Unity.VisualScripting.YamlDotNet.dll
Symbol file LoadedFromMemory doesn't match image D:\tesi Triennali Magistrali\VR-CSEducation\Educational-Game-Room\Game_Room\Library\PackageCache\com.unity.visualscripting@1.7.8\Editor\VisualScripting.Core\Dependencies\DotNetZip\Unity.VisualScripting.IonicZip.dll
Native extension for WindowsStandalone target not found
Refreshing native plugins compatible for Editor in 2.36 ms, found 7 plugins.
Preloading 0 native plugins for Editor in 0.00 ms.
Mono: successfully reloaded assembly
- Completed reload, in  2.230 seconds
Domain Reload Profiling:
	ReloadAssembly (2231ms)
		BeginReloadAssembly (256ms)
			ExecutionOrderSort (0ms)
			DisableScriptedObjects (6ms)
			BackupInstance (0ms)
			ReleaseScriptingObjects (0ms)
			CreateAndSetChildDomain (106ms)
		EndReloadAssembly (1709ms)
			LoadAssemblies (169ms)
			RebuildTransferFunctionScriptingTraits (0ms)
			SetupTypeCache (517ms)
			ReleaseScriptCaches (3ms)
			RebuildScriptCaches (84ms)
			SetupLoadedEditorAssemblies (856ms)
				LogAssemblyErrors (0ms)
				InitializePlatformSupportModulesInManaged (18ms)
				SetLoadedEditorAssemblies (1ms)
				RefreshPlugins (2ms)
				BeforeProcessingInitializeOnLoad (192ms)
				ProcessInitializeOnLoadAttributes (505ms)
				ProcessInitializeOnLoadMethodAttributes (121ms)
				AfterProcessingInitializeOnLoad (17ms)
				EditorAssembliesLoaded (0ms)
			ExecutionOrderSort2 (0ms)
			AwakeInstancesAfterBackupRestoration (24ms)
Platform modules already initialized, skipping
Refreshing native plugins compatible for Editor in 6.22 ms, found 7 plugins.
Preloading 0 native plugins for Editor in 0.00 ms.
Unloading 6777 Unused Serialized files (Serialized files now loaded: 0)
Unloading 36 unused Assets / (0.8 MB). Loaded Objects now: 7473.
Memory consumption went from 277.2 MB to 276.5 MB.
Total: 8.017100 ms (FindLiveObjects: 0.828100 ms CreateObjectMapping: 1.437500 ms MarkObjects: 5.366800 ms  DeleteObjects: 0.383600 ms)

AssetImportParameters requested are different than current active one (requested -> active):
  custom:video-decoder-ogg-theora: a1e56fd34408186e4bbccfd4996cb3dc -> 
  custom:container-muxer-webm: aa71ff27fc2769a1b78a27578f13a17b -> 
  custom:container-demuxer-webm: 4f35f7cbe854078d1ac9338744f61a02 -> 
  custom:video-encoder-webm-vp8: eb34c28f22e8b96e1ab97ce403110664 -> 
  custom:video-codec-MediaFoundation-h265: 746d11721c4dcdbdad8f713fa42b33f4 -> 
  custom:audio-encoder-webm-vorbis: bf7c407c2cedff20999df2af8eb42d56 -> 
  custom:framework-win-MediaFoundation: 216162199b28c13a410421893ffa2e32 -> 
  custom:container-demuxer-ogg: 62fdf1f143b41e24485cea50d1cbac27 -> 
  custom:video-decoder-webm-vp8: 9c59270c3fd7afecdb556c50c9e8de78 -> 
  custom:audio-decoder-ogg-vorbis: bf7c407c2cedff20999df2af8eb42d56 -> 
========================================================================
Received Prepare
Registering precompiled user dll's ...
Registered in 0.009317 seconds.
Begin MonoManager ReloadAssembly
Symbol file data-0000028A4AC2C060 doesn't match image D:\tesi Triennali Magistrali\VR-CSEducation\Educational-Game-Room\Game_Room\Library\ScriptAssemblies\UnityEditor.TestRunner.dll
Symbol file LoadedFromMemory is not a mono symbol file
Symbol file data-0000028A4D460330 doesn't match image D:\tesi Triennali Magistrali\VR-CSEducation\Educational-Game-Room\Game_Room\Library\ScriptAssemblies\Unity.Rider.Editor.dll
Symbol file LoadedFromMemory is not a mono symbol file
Symbol file data-0000028A4F26DFA0 doesn't match image D:\tesi Triennali Magistrali\VR-CSEducation\Educational-Game-Room\Game_Room\Library\ScriptAssemblies\Unity.Burst.CodeGen.dll
Symbol file LoadedFromMemory is not a mono symbol file
Symbol file data-0000028A45094010 doesn't match image D:\tesi Triennali Magistrali\VR-CSEducation\Educational-Game-Room\Game_Room\Library\ScriptAssemblies\Unity.VisualStudio.Editor.dll
Symbol file LoadedFromMemory is not a mono symbol file
Symbol file data-0000028A4FDC2010 doesn't match image D:\tesi Triennali Magistrali\VR-CSEducation\Educational-Game-Room\Game_Room\Library\ScriptAssemblies\UnityEngine.TestRunner.dll
Symbol file LoadedFromMemory is not a mono symbol file
Symbol file data-0000028A928EDD60 doesn't match image D:\tesi Triennali Magistrali\VR-CSEducation\Educational-Game-Room\Game_Room\Library\ScriptAssemblies\Unity.PlasticSCM.Editor.dll
Symbol file LoadedFromMemory is not a mono symbol file
Symbol file data-0000028A4DC2AB90 doesn't match image D:\tesi Triennali Magistrali\VR-CSEducation\Educational-Game-Room\Game_Room\Library\ScriptAssemblies\Unity.TestTools.CodeCoverage.Editor.dll
Symbol file LoadedFromMemory is not a mono symbol file
Symbol file LoadedFromMemory doesn't match image D:\tesi Triennali Magistrali\VR-CSEducation\Educational-Game-Room\Game_Room\Library\PackageCache\com.unity.visualscripting@1.7.8\Editor\VisualScripting.Core\Dependencies\YamlDotNet\Unity.VisualScripting.YamlDotNet.dll
Symbol file LoadedFromMemory doesn't match image D:\tesi Triennali Magistrali\VR-CSEducation\Educational-Game-Room\Game_Room\Library\PackageCache\com.unity.visualscripting@1.7.8\Editor\VisualScripting.Core\Dependencies\DotNetZip\Unity.VisualScripting.IonicZip.dll
Native extension for WindowsStandalone target not found
Refreshing native plugins compatible for Editor in 2.12 ms, found 7 plugins.
Preloading 0 native plugins for Editor in 0.00 ms.
Mono: successfully reloaded assembly
- Completed reload, in  1.826 seconds
Domain Reload Profiling:
	ReloadAssembly (1827ms)
		BeginReloadAssembly (180ms)
			ExecutionOrderSort (0ms)
			DisableScriptedObjects (6ms)
			BackupInstance (0ms)
			ReleaseScriptingObjects (0ms)
			CreateAndSetChildDomain (59ms)
		EndReloadAssembly (1515ms)
			LoadAssemblies (126ms)
			RebuildTransferFunctionScriptingTraits (0ms)
			SetupTypeCache (450ms)
			ReleaseScriptCaches (2ms)
			RebuildScriptCaches (75ms)
			SetupLoadedEditorAssemblies (779ms)
				LogAssemblyErrors (0ms)
				InitializePlatformSupportModulesInManaged (16ms)
				SetLoadedEditorAssemblies (1ms)
				RefreshPlugins (2ms)
				BeforeProcessingInitializeOnLoad (150ms)
				ProcessInitializeOnLoadAttributes (470ms)
				ProcessInitializeOnLoadMethodAttributes (126ms)
				AfterProcessingInitializeOnLoad (14ms)
				EditorAssembliesLoaded (0ms)
			ExecutionOrderSort2 (0ms)
			AwakeInstancesAfterBackupRestoration (23ms)
Platform modules already initialized, skipping
Refreshing native plugins compatible for Editor in 3.61 ms, found 7 plugins.
Preloading 0 native plugins for Editor in 0.00 ms.
Unloading 6777 Unused Serialized files (Serialized files now loaded: 0)
Unloading 36 unused Assets / (0.8 MB). Loaded Objects now: 7489.
Memory consumption went from 277.3 MB to 276.5 MB.
Total: 5.360700 ms (FindLiveObjects: 0.493700 ms CreateObjectMapping: 0.453400 ms MarkObjects: 3.908000 ms  DeleteObjects: 0.504000 ms)

AssetImportParameters requested are different than current active one (requested -> active):
  custom:video-decoder-ogg-theora: a1e56fd34408186e4bbccfd4996cb3dc -> 
  custom:container-muxer-webm: aa71ff27fc2769a1b78a27578f13a17b -> 
  custom:container-demuxer-webm: 4f35f7cbe854078d1ac9338744f61a02 -> 
  custom:video-encoder-webm-vp8: eb34c28f22e8b96e1ab97ce403110664 -> 
  custom:video-codec-MediaFoundation-h265: 746d11721c4dcdbdad8f713fa42b33f4 -> 
  custom:audio-encoder-webm-vorbis: bf7c407c2cedff20999df2af8eb42d56 -> 
  custom:framework-win-MediaFoundation: 216162199b28c13a410421893ffa2e32 -> 
  custom:container-demuxer-ogg: 62fdf1f143b41e24485cea50d1cbac27 -> 
  custom:video-decoder-webm-vp8: 9c59270c3fd7afecdb556c50c9e8de78 -> 
  custom:audio-decoder-ogg-vorbis: bf7c407c2cedff20999df2af8eb42d56 -> 
========================================================================
Received Prepare
Registering precompiled user dll's ...
Registered in 0.013138 seconds.
Begin MonoManager ReloadAssembly
Symbol file data-0000028A490AC050 doesn't match image D:\tesi Triennali Magistrali\VR-CSEducation\Educational-Game-Room\Game_Room\Library\ScriptAssemblies\UnityEditor.TestRunner.dll
Symbol file LoadedFromMemory is not a mono symbol file
Symbol file data-0000028A4D460330 doesn't match image D:\tesi Triennali Magistrali\VR-CSEducation\Educational-Game-Room\Game_Room\Library\ScriptAssemblies\Unity.Rider.Editor.dll
Symbol file LoadedFromMemory is not a mono symbol file
Symbol file data-0000028A42CA9070 doesn't match image D:\tesi Triennali Magistrali\VR-CSEducation\Educational-Game-Room\Game_Room\Library\ScriptAssemblies\Unity.Burst.CodeGen.dll
Symbol file LoadedFromMemory is not a mono symbol file
Symbol file data-0000028A4A9EE740 doesn't match image D:\tesi Triennali Magistrali\VR-CSEducation\Educational-Game-Room\Game_Room\Library\ScriptAssemblies\Unity.VisualStudio.Editor.dll
Symbol file LoadedFromMemory is not a mono symbol file
Symbol file data-0000028A4A587020 doesn't match image D:\tesi Triennali Magistrali\VR-CSEducation\Educational-Game-Room\Game_Room\Library\ScriptAssemblies\UnityEngine.TestRunner.dll
Symbol file LoadedFromMemory is not a mono symbol file
Symbol file data-0000028A95102F00 doesn't match image D:\tesi Triennali Magistrali\VR-CSEducation\Educational-Game-Room\Game_Room\Library\ScriptAssemblies\Unity.PlasticSCM.Editor.dll
Symbol file LoadedFromMemory is not a mono symbol file
Symbol file data-0000028A471DC030 doesn't match image D:\tesi Triennali Magistrali\VR-CSEducation\Educational-Game-Room\Game_Room\Library\ScriptAssemblies\Unity.TestTools.CodeCoverage.Editor.dll
Symbol file LoadedFromMemory is not a mono symbol file
Symbol file LoadedFromMemory doesn't match image D:\tesi Triennali Magistrali\VR-CSEducation\Educational-Game-Room\Game_Room\Library\PackageCache\com.unity.visualscripting@1.7.8\Editor\VisualScripting.Core\Dependencies\YamlDotNet\Unity.VisualScripting.YamlDotNet.dll
Symbol file LoadedFromMemory doesn't match image D:\tesi Triennali Magistrali\VR-CSEducation\Educational-Game-Room\Game_Room\Library\PackageCache\com.unity.visualscripting@1.7.8\Editor\VisualScripting.Core\Dependencies\DotNetZip\Unity.VisualScripting.IonicZip.dll
Native extension for WindowsStandalone target not found
Refreshing native plugins compatible for Editor in 1.57 ms, found 7 plugins.
Preloading 0 native plugins for Editor in 0.00 ms.
Mono: successfully reloaded assembly
- Completed reload, in  2.259 seconds
Domain Reload Profiling:
	ReloadAssembly (2260ms)
		BeginReloadAssembly (272ms)
			ExecutionOrderSort (0ms)
			DisableScriptedObjects (11ms)
			BackupInstance (0ms)
			ReleaseScriptingObjects (0ms)
			CreateAndSetChildDomain (112ms)
		EndReloadAssembly (1739ms)
			LoadAssemblies (159ms)
			RebuildTransferFunctionScriptingTraits (0ms)
			SetupTypeCache (528ms)
			ReleaseScriptCaches (2ms)
			RebuildScriptCaches (93ms)
			SetupLoadedEditorAssemblies (878ms)
				LogAssemblyErrors (0ms)
				InitializePlatformSupportModulesInManaged (23ms)
				SetLoadedEditorAssemblies (1ms)
				RefreshPlugins (2ms)
				BeforeProcessingInitializeOnLoad (184ms)
				ProcessInitializeOnLoadAttributes (515ms)
				ProcessInitializeOnLoadMethodAttributes (134ms)
				AfterProcessingInitializeOnLoad (19ms)
				EditorAssembliesLoaded (0ms)
			ExecutionOrderSort2 (0ms)
			AwakeInstancesAfterBackupRestoration (26ms)
Platform modules already initialized, skipping
Refreshing native plugins compatible for Editor in 4.38 ms, found 7 plugins.
Preloading 0 native plugins for Editor in 0.00 ms.
Unloading 6777 Unused Serialized files (Serialized files now loaded: 0)
Unloading 36 unused Assets / (0.8 MB). Loaded Objects now: 7505.
Memory consumption went from 277.3 MB to 276.5 MB.
Total: 7.241900 ms (FindLiveObjects: 0.736300 ms CreateObjectMapping: 0.594100 ms MarkObjects: 5.430700 ms  DeleteObjects: 0.478800 ms)

AssetImportParameters requested are different than current active one (requested -> active):
  custom:video-decoder-ogg-theora: a1e56fd34408186e4bbccfd4996cb3dc -> 
  custom:container-muxer-webm: aa71ff27fc2769a1b78a27578f13a17b -> 
  custom:container-demuxer-webm: 4f35f7cbe854078d1ac9338744f61a02 -> 
  custom:video-encoder-webm-vp8: eb34c28f22e8b96e1ab97ce403110664 -> 
  custom:video-codec-MediaFoundation-h265: 746d11721c4dcdbdad8f713fa42b33f4 -> 
  custom:audio-encoder-webm-vorbis: bf7c407c2cedff20999df2af8eb42d56 -> 
  custom:framework-win-MediaFoundation: 216162199b28c13a410421893ffa2e32 -> 
  custom:container-demuxer-ogg: 62fdf1f143b41e24485cea50d1cbac27 -> 
  custom:video-decoder-webm-vp8: 9c59270c3fd7afecdb556c50c9e8de78 -> 
  custom:audio-decoder-ogg-vorbis: bf7c407c2cedff20999df2af8eb42d56 -> 
========================================================================
Received Import Request.
  Time since last request: 1950.896642 seconds.
  path: Assets/Blockly/Scripts/Block/BlockCreateVar.cs
  artifactKey: Guid(1f0e7fd4489aa5b4c90d54b646ed7171) Importer(815301076,1909f56bfc062723c751e8b465ee728b)
Start importing Assets/Blockly/Scripts/Block/BlockCreateVar.cs using Guid(1f0e7fd4489aa5b4c90d54b646ed7171) Importer(815301076,1909f56bfc062723c751e8b465ee728b)  -> (artifact id: 'c9d7eedf4b5e24460b0065de1d0c9748') in 0.015001 seconds 
========================================================================
Received Import Request.
  Time since last request: 68.335274 seconds.
  path: Assets/Blockly/Scripts/DragAndDrop/DropInTrashCan.cs
  artifactKey: Guid(93db165562c8c2f45b1c61dfa6024acd) Importer(815301076,1909f56bfc062723c751e8b465ee728b)
Start importing Assets/Blockly/Scripts/DragAndDrop/DropInTrashCan.cs using Guid(93db165562c8c2f45b1c61dfa6024acd) Importer(815301076,1909f56bfc062723c751e8b465ee728b)  -> (artifact id: '07af06f3545265e3feedd9ebbf49f603') in 0.002670 seconds 
========================================================================
Received Import Request.
  Time since last request: 0.495337 seconds.
  path: Assets/Blockly/Scripts/DragAndDrop/DragDrop.cs
  artifactKey: Guid(f199a8e3e70870144babfeb2a2927646) Importer(815301076,1909f56bfc062723c751e8b465ee728b)
Start importing Assets/Blockly/Scripts/DragAndDrop/DragDrop.cs using Guid(f199a8e3e70870144babfeb2a2927646) Importer(815301076,1909f56bfc062723c751e8b465ee728b)  -> (artifact id: 'a592476a988378b339110829e41819ca') in 0.002132 seconds 
========================================================================
Received Prepare
Registering precompiled user dll's ...
Registered in 0.014990 seconds.
Begin MonoManager ReloadAssembly
Symbol file data-0000028A93B5EFA0 doesn't match image D:\tesi Triennali Magistrali\VR-CSEducation\Educational-Game-Room\Game_Room\Library\ScriptAssemblies\UnityEditor.TestRunner.dll
Symbol file LoadedFromMemory is not a mono symbol file
Symbol file data-0000028A4DC7F6D0 doesn't match image D:\tesi Triennali Magistrali\VR-CSEducation\Educational-Game-Room\Game_Room\Library\ScriptAssemblies\Unity.Rider.Editor.dll
Symbol file LoadedFromMemory is not a mono symbol file
Symbol file data-0000028A92EE2800 doesn't match image D:\tesi Triennali Magistrali\VR-CSEducation\Educational-Game-Room\Game_Room\Library\ScriptAssemblies\Unity.Burst.CodeGen.dll
Symbol file LoadedFromMemory is not a mono symbol file
Symbol file data-0000028A4D737070 doesn't match image D:\tesi Triennali Magistrali\VR-CSEducation\Educational-Game-Room\Game_Room\Library\ScriptAssemblies\Unity.VisualStudio.Editor.dll
Symbol file LoadedFromMemory is not a mono symbol file
Symbol file data-0000028A4F37D030 doesn't match image D:\tesi Triennali Magistrali\VR-CSEducation\Educational-Game-Room\Game_Room\Library\ScriptAssemblies\UnityEngine.TestRunner.dll
Symbol file LoadedFromMemory is not a mono symbol file
Symbol file data-0000028A479B6040 doesn't match image D:\tesi Triennali Magistrali\VR-CSEducation\Educational-Game-Room\Game_Room\Library\ScriptAssemblies\Unity.PlasticSCM.Editor.dll
Symbol file LoadedFromMemory is not a mono symbol file
Symbol file data-0000028A4DC2AB90 doesn't match image D:\tesi Triennali Magistrali\VR-CSEducation\Educational-Game-Room\Game_Room\Library\ScriptAssemblies\Unity.TestTools.CodeCoverage.Editor.dll
Symbol file LoadedFromMemory is not a mono symbol file
Symbol file LoadedFromMemory doesn't match image D:\tesi Triennali Magistrali\VR-CSEducation\Educational-Game-Room\Game_Room\Library\PackageCache\com.unity.visualscripting@1.7.8\Editor\VisualScripting.Core\Dependencies\YamlDotNet\Unity.VisualScripting.YamlDotNet.dll
Symbol file LoadedFromMemory doesn't match image D:\tesi Triennali Magistrali\VR-CSEducation\Educational-Game-Room\Game_Room\Library\PackageCache\com.unity.visualscripting@1.7.8\Editor\VisualScripting.Core\Dependencies\DotNetZip\Unity.VisualScripting.IonicZip.dll
Native extension for WindowsStandalone target not found
Refreshing native plugins compatible for Editor in 1.86 ms, found 7 plugins.
Preloading 0 native plugins for Editor in 0.00 ms.
Mono: successfully reloaded assembly
- Completed reload, in  2.045 seconds
Domain Reload Profiling:
	ReloadAssembly (2046ms)
		BeginReloadAssembly (219ms)
			ExecutionOrderSort (0ms)
			DisableScriptedObjects (9ms)
			BackupInstance (0ms)
			ReleaseScriptingObjects (0ms)
			CreateAndSetChildDomain (73ms)
		EndReloadAssembly (1671ms)
			LoadAssemblies (169ms)
			RebuildTransferFunctionScriptingTraits (0ms)
			SetupTypeCache (537ms)
			ReleaseScriptCaches (2ms)
			RebuildScriptCaches (85ms)
			SetupLoadedEditorAssemblies (799ms)
				LogAssemblyErrors (0ms)
				InitializePlatformSupportModulesInManaged (16ms)
				SetLoadedEditorAssemblies (1ms)
				RefreshPlugins (2ms)
				BeforeProcessingInitializeOnLoad (158ms)
				ProcessInitializeOnLoadAttributes (485ms)
				ProcessInitializeOnLoadMethodAttributes (121ms)
				AfterProcessingInitializeOnLoad (16ms)
				EditorAssembliesLoaded (0ms)
			ExecutionOrderSort2 (0ms)
			AwakeInstancesAfterBackupRestoration (25ms)
Platform modules already initialized, skipping
Refreshing native plugins compatible for Editor in 3.88 ms, found 7 plugins.
Preloading 0 native plugins for Editor in 0.00 ms.
Unloading 6777 Unused Serialized files (Serialized files now loaded: 0)
Unloading 36 unused Assets / (0.8 MB). Loaded Objects now: 7521.
Memory consumption went from 277.3 MB to 276.5 MB.
Total: 6.257300 ms (FindLiveObjects: 0.551100 ms CreateObjectMapping: 0.522000 ms MarkObjects: 4.806300 ms  DeleteObjects: 0.376800 ms)

AssetImportParameters requested are different than current active one (requested -> active):
  custom:video-decoder-ogg-theora: a1e56fd34408186e4bbccfd4996cb3dc -> 
  custom:container-muxer-webm: aa71ff27fc2769a1b78a27578f13a17b -> 
  custom:container-demuxer-webm: 4f35f7cbe854078d1ac9338744f61a02 -> 
  custom:video-encoder-webm-vp8: eb34c28f22e8b96e1ab97ce403110664 -> 
  custom:video-codec-MediaFoundation-h265: 746d11721c4dcdbdad8f713fa42b33f4 -> 
  custom:audio-encoder-webm-vorbis: bf7c407c2cedff20999df2af8eb42d56 -> 
  custom:framework-win-MediaFoundation: 216162199b28c13a410421893ffa2e32 -> 
  custom:container-demuxer-ogg: 62fdf1f143b41e24485cea50d1cbac27 -> 
  custom:video-decoder-webm-vp8: 9c59270c3fd7afecdb556c50c9e8de78 -> 
  custom:audio-decoder-ogg-vorbis: bf7c407c2cedff20999df2af8eb42d56 -> 
========================================================================
Received Import Request.
  Time since last request: 64.905148 seconds.
  path: Assets/Blockly/Scripts/Block/BlockCreateVar.cs
  artifactKey: Guid(1f0e7fd4489aa5b4c90d54b646ed7171) Importer(815301076,1909f56bfc062723c751e8b465ee728b)
Start importing Assets/Blockly/Scripts/Block/BlockCreateVar.cs using Guid(1f0e7fd4489aa5b4c90d54b646ed7171) Importer(815301076,1909f56bfc062723c751e8b465ee728b)  -> (artifact id: '7367d9f6ab44cb3e7410bb19e33f4737') in 0.011078 seconds 
========================================================================
Received Prepare
Registering precompiled user dll's ...
Registered in 0.013926 seconds.
Begin MonoManager ReloadAssembly
Symbol file data-0000028A4F25FC00 doesn't match image D:\tesi Triennali Magistrali\VR-CSEducation\Educational-Game-Room\Game_Room\Library\ScriptAssemblies\UnityEditor.TestRunner.dll
Symbol file LoadedFromMemory is not a mono symbol file
Symbol file data-0000028A4DC7F6D0 doesn't match image D:\tesi Triennali Magistrali\VR-CSEducation\Educational-Game-Room\Game_Room\Library\ScriptAssemblies\Unity.Rider.Editor.dll
Symbol file LoadedFromMemory is not a mono symbol file
Symbol file data-0000028A42CA9070 doesn't match image D:\tesi Triennali Magistrali\VR-CSEducation\Educational-Game-Room\Game_Room\Library\ScriptAssemblies\Unity.Burst.CodeGen.dll
Symbol file LoadedFromMemory is not a mono symbol file
Symbol file data-0000028A44072020 doesn't match image D:\tesi Triennali Magistrali\VR-CSEducation\Educational-Game-Room\Game_Room\Library\ScriptAssemblies\Unity.VisualStudio.Editor.dll
Symbol file LoadedFromMemory is not a mono symbol file
Symbol file data-0000028A41EAE020 doesn't match image D:\tesi Triennali Magistrali\VR-CSEducation\Educational-Game-Room\Game_Room\Library\ScriptAssemblies\UnityEngine.TestRunner.dll
Symbol file LoadedFromMemory is not a mono symbol file
Symbol file data-0000028A91E5E080 doesn't match image D:\tesi Triennali Magistrali\VR-CSEducation\Educational-Game-Room\Game_Room\Library\ScriptAssemblies\Unity.PlasticSCM.Editor.dll
Symbol file LoadedFromMemory is not a mono symbol file
Symbol file data-0000028A47AA6030 doesn't match image D:\tesi Triennali Magistrali\VR-CSEducation\Educational-Game-Room\Game_Room\Library\ScriptAssemblies\Unity.TestTools.CodeCoverage.Editor.dll
Symbol file LoadedFromMemory is not a mono symbol file
Symbol file LoadedFromMemory doesn't match image D:\tesi Triennali Magistrali\VR-CSEducation\Educational-Game-Room\Game_Room\Library\PackageCache\com.unity.visualscripting@1.7.8\Editor\VisualScripting.Core\Dependencies\YamlDotNet\Unity.VisualScripting.YamlDotNet.dll
Symbol file LoadedFromMemory doesn't match image D:\tesi Triennali Magistrali\VR-CSEducation\Educational-Game-Room\Game_Room\Library\PackageCache\com.unity.visualscripting@1.7.8\Editor\VisualScripting.Core\Dependencies\DotNetZip\Unity.VisualScripting.IonicZip.dll
Native extension for WindowsStandalone target not found
Refreshing native plugins compatible for Editor in 2.60 ms, found 7 plugins.
Preloading 0 native plugins for Editor in 0.00 ms.
Mono: successfully reloaded assembly
- Completed reload, in  2.064 seconds
Domain Reload Profiling:
	ReloadAssembly (2065ms)
		BeginReloadAssembly (209ms)
			ExecutionOrderSort (0ms)
			DisableScriptedObjects (8ms)
			BackupInstance (0ms)
			ReleaseScriptingObjects (0ms)
			CreateAndSetChildDomain (63ms)
		EndReloadAssembly (1699ms)
			LoadAssemblies (156ms)
			RebuildTransferFunctionScriptingTraits (0ms)
			SetupTypeCache (518ms)
			ReleaseScriptCaches (2ms)
			RebuildScriptCaches (101ms)
			SetupLoadedEditorAssemblies (829ms)
				LogAssemblyErrors (0ms)
				InitializePlatformSupportModulesInManaged (17ms)
				SetLoadedEditorAssemblies (1ms)
				RefreshPlugins (3ms)
				BeforeProcessingInitializeOnLoad (177ms)
				ProcessInitializeOnLoadAttributes (488ms)
				ProcessInitializeOnLoadMethodAttributes (128ms)
				AfterProcessingInitializeOnLoad (15ms)
				EditorAssembliesLoaded (0ms)
			ExecutionOrderSort2 (0ms)
			AwakeInstancesAfterBackupRestoration (20ms)
Platform modules already initialized, skipping
Refreshing native plugins compatible for Editor in 4.14 ms, found 7 plugins.
Preloading 0 native plugins for Editor in 0.00 ms.
Unloading 6777 Unused Serialized files (Serialized files now loaded: 0)
Unloading 36 unused Assets / (0.8 MB). Loaded Objects now: 7537.
Memory consumption went from 277.3 MB to 276.6 MB.
Total: 6.318900 ms (FindLiveObjects: 0.763500 ms CreateObjectMapping: 0.623400 ms MarkObjects: 4.512900 ms  DeleteObjects: 0.417800 ms)

AssetImportParameters requested are different than current active one (requested -> active):
  custom:video-decoder-ogg-theora: a1e56fd34408186e4bbccfd4996cb3dc -> 
  custom:container-muxer-webm: aa71ff27fc2769a1b78a27578f13a17b -> 
  custom:container-demuxer-webm: 4f35f7cbe854078d1ac9338744f61a02 -> 
  custom:video-encoder-webm-vp8: eb34c28f22e8b96e1ab97ce403110664 -> 
  custom:video-codec-MediaFoundation-h265: 746d11721c4dcdbdad8f713fa42b33f4 -> 
  custom:audio-encoder-webm-vorbis: bf7c407c2cedff20999df2af8eb42d56 -> 
  custom:framework-win-MediaFoundation: 216162199b28c13a410421893ffa2e32 -> 
  custom:container-demuxer-ogg: 62fdf1f143b41e24485cea50d1cbac27 -> 
  custom:video-decoder-webm-vp8: 9c59270c3fd7afecdb556c50c9e8de78 -> 
  custom:audio-decoder-ogg-vorbis: bf7c407c2cedff20999df2af8eb42d56 -> 
========================================================================
Received Prepare
Registering precompiled user dll's ...
Registered in 0.009809 seconds.
Begin MonoManager ReloadAssembly
Symbol file data-0000028A4A8720B0 doesn't match image D:\tesi Triennali Magistrali\VR-CSEducation\Educational-Game-Room\Game_Room\Library\ScriptAssemblies\UnityEditor.TestRunner.dll
Symbol file LoadedFromMemory is not a mono symbol file
Symbol file data-0000028A4D460330 doesn't match image D:\tesi Triennali Magistrali\VR-CSEducation\Educational-Game-Room\Game_Room\Library\ScriptAssemblies\Unity.Rider.Editor.dll
Symbol file LoadedFromMemory is not a mono symbol file
Symbol file data-0000028A42051A20 doesn't match image D:\tesi Triennali Magistrali\VR-CSEducation\Educational-Game-Room\Game_Room\Library\ScriptAssemblies\Unity.Burst.CodeGen.dll
Symbol file LoadedFromMemory is not a mono symbol file
Symbol file data-0000028A4D43E1D0 doesn't match image D:\tesi Triennali Magistrali\VR-CSEducation\Educational-Game-Room\Game_Room\Library\ScriptAssemblies\Unity.VisualStudio.Editor.dll
Symbol file LoadedFromMemory is not a mono symbol file
Symbol file data-0000028A4F37D030 doesn't match image D:\tesi Triennali Magistrali\VR-CSEducation\Educational-Game-Room\Game_Room\Library\ScriptAssemblies\UnityEngine.TestRunner.dll
Symbol file LoadedFromMemory is not a mono symbol file
Symbol file data-0000028A3E64B030 doesn't match image D:\tesi Triennali Magistrali\VR-CSEducation\Educational-Game-Room\Game_Room\Library\ScriptAssemblies\Unity.PlasticSCM.Editor.dll
Symbol file LoadedFromMemory is not a mono symbol file
Symbol file data-0000028A4F0EC020 doesn't match image D:\tesi Triennali Magistrali\VR-CSEducation\Educational-Game-Room\Game_Room\Library\ScriptAssemblies\Unity.TestTools.CodeCoverage.Editor.dll
Symbol file LoadedFromMemory is not a mono symbol file
Symbol file LoadedFromMemory doesn't match image D:\tesi Triennali Magistrali\VR-CSEducation\Educational-Game-Room\Game_Room\Library\PackageCache\com.unity.visualscripting@1.7.8\Editor\VisualScripting.Core\Dependencies\YamlDotNet\Unity.VisualScripting.YamlDotNet.dll
Symbol file LoadedFromMemory doesn't match image D:\tesi Triennali Magistrali\VR-CSEducation\Educational-Game-Room\Game_Room\Library\PackageCache\com.unity.visualscripting@1.7.8\Editor\VisualScripting.Core\Dependencies\DotNetZip\Unity.VisualScripting.IonicZip.dll
Native extension for WindowsStandalone target not found
Refreshing native plugins compatible for Editor in 2.46 ms, found 7 plugins.
Preloading 0 native plugins for Editor in 0.00 ms.
Mono: successfully reloaded assembly
- Completed reload, in  2.079 seconds
Domain Reload Profiling:
	ReloadAssembly (2080ms)
		BeginReloadAssembly (261ms)
			ExecutionOrderSort (0ms)
			DisableScriptedObjects (6ms)
			BackupInstance (0ms)
			ReleaseScriptingObjects (0ms)
			CreateAndSetChildDomain (99ms)
		EndReloadAssembly (1654ms)
			LoadAssemblies (159ms)
			RebuildTransferFunctionScriptingTraits (0ms)
			SetupTypeCache (514ms)
			ReleaseScriptCaches (2ms)
			RebuildScriptCaches (93ms)
			SetupLoadedEditorAssemblies (819ms)
				LogAssemblyErrors (0ms)
				InitializePlatformSupportModulesInManaged (17ms)
				SetLoadedEditorAssemblies (1ms)
				RefreshPlugins (3ms)
				BeforeProcessingInitializeOnLoad (180ms)
				ProcessInitializeOnLoadAttributes (492ms)
				ProcessInitializeOnLoadMethodAttributes (111ms)
				AfterProcessingInitializeOnLoad (15ms)
				EditorAssembliesLoaded (0ms)
			ExecutionOrderSort2 (0ms)
			AwakeInstancesAfterBackupRestoration (22ms)
Platform modules already initialized, skipping
Refreshing native plugins compatible for Editor in 6.38 ms, found 7 plugins.
Preloading 0 native plugins for Editor in 0.00 ms.
Unloading 6777 Unused Serialized files (Serialized files now loaded: 0)
Unloading 36 unused Assets / (0.8 MB). Loaded Objects now: 7553.
Memory consumption went from 277.4 MB to 276.6 MB.
Total: 6.321800 ms (FindLiveObjects: 0.502300 ms CreateObjectMapping: 0.577900 ms MarkObjects: 4.615700 ms  DeleteObjects: 0.624800 ms)

AssetImportParameters requested are different than current active one (requested -> active):
  custom:video-decoder-ogg-theora: a1e56fd34408186e4bbccfd4996cb3dc -> 
  custom:container-muxer-webm: aa71ff27fc2769a1b78a27578f13a17b -> 
  custom:container-demuxer-webm: 4f35f7cbe854078d1ac9338744f61a02 -> 
  custom:video-encoder-webm-vp8: eb34c28f22e8b96e1ab97ce403110664 -> 
  custom:video-codec-MediaFoundation-h265: 746d11721c4dcdbdad8f713fa42b33f4 -> 
  custom:audio-encoder-webm-vorbis: bf7c407c2cedff20999df2af8eb42d56 -> 
  custom:framework-win-MediaFoundation: 216162199b28c13a410421893ffa2e32 -> 
  custom:container-demuxer-ogg: 62fdf1f143b41e24485cea50d1cbac27 -> 
  custom:video-decoder-webm-vp8: 9c59270c3fd7afecdb556c50c9e8de78 -> 
  custom:audio-decoder-ogg-vorbis: bf7c407c2cedff20999df2af8eb42d56 -> 
========================================================================
Received Prepare
Registering precompiled user dll's ...
Registered in 0.010199 seconds.
Begin MonoManager ReloadAssembly
Symbol file data-0000028A4DCA8010 doesn't match image D:\tesi Triennali Magistrali\VR-CSEducation\Educational-Game-Room\Game_Room\Library\ScriptAssemblies\UnityEditor.TestRunner.dll
Symbol file LoadedFromMemory is not a mono symbol file
Symbol file data-0000028A4D6BC520 doesn't match image D:\tesi Triennali Magistrali\VR-CSEducation\Educational-Game-Room\Game_Room\Library\ScriptAssemblies\Unity.Rider.Editor.dll
Symbol file LoadedFromMemory is not a mono symbol file
Symbol file data-0000028A49094060 doesn't match image D:\tesi Triennali Magistrali\VR-CSEducation\Educational-Game-Room\Game_Room\Library\ScriptAssemblies\Unity.Burst.CodeGen.dll
Symbol file LoadedFromMemory is not a mono symbol file
Symbol file data-0000028A4AA85CE0 doesn't match image D:\tesi Triennali Magistrali\VR-CSEducation\Educational-Game-Room\Game_Room\Library\ScriptAssemblies\Unity.VisualStudio.Editor.dll
Symbol file LoadedFromMemory is not a mono symbol file
Symbol file data-0000028A4F37D030 doesn't match image D:\tesi Triennali Magistrali\VR-CSEducation\Educational-Game-Room\Game_Room\Library\ScriptAssemblies\UnityEngine.TestRunner.dll
Symbol file LoadedFromMemory is not a mono symbol file
Symbol file data-0000028A3E64B030 doesn't match image D:\tesi Triennali Magistrali\VR-CSEducation\Educational-Game-Room\Game_Room\Library\ScriptAssemblies\Unity.PlasticSCM.Editor.dll
Symbol file LoadedFromMemory is not a mono symbol file
Symbol file data-0000028A4DC2AB90 doesn't match image D:\tesi Triennali Magistrali\VR-CSEducation\Educational-Game-Room\Game_Room\Library\ScriptAssemblies\Unity.TestTools.CodeCoverage.Editor.dll
Symbol file LoadedFromMemory is not a mono symbol file
Symbol file LoadedFromMemory doesn't match image D:\tesi Triennali Magistrali\VR-CSEducation\Educational-Game-Room\Game_Room\Library\PackageCache\com.unity.visualscripting@1.7.8\Editor\VisualScripting.Core\Dependencies\YamlDotNet\Unity.VisualScripting.YamlDotNet.dll
Symbol file LoadedFromMemory doesn't match image D:\tesi Triennali Magistrali\VR-CSEducation\Educational-Game-Room\Game_Room\Library\PackageCache\com.unity.visualscripting@1.7.8\Editor\VisualScripting.Core\Dependencies\DotNetZip\Unity.VisualScripting.IonicZip.dll
Native extension for WindowsStandalone target not found
Refreshing native plugins compatible for Editor in 2.06 ms, found 7 plugins.
Preloading 0 native plugins for Editor in 0.00 ms.
Mono: successfully reloaded assembly
- Completed reload, in  2.046 seconds
Domain Reload Profiling:
	ReloadAssembly (2047ms)
		BeginReloadAssembly (202ms)
			ExecutionOrderSort (0ms)
			DisableScriptedObjects (8ms)
			BackupInstance (0ms)
			ReleaseScriptingObjects (0ms)
			CreateAndSetChildDomain (67ms)
		EndReloadAssembly (1698ms)
			LoadAssemblies (146ms)
			RebuildTransferFunctionScriptingTraits (0ms)
			SetupTypeCache (531ms)
			ReleaseScriptCaches (3ms)
			RebuildScriptCaches (89ms)
			SetupLoadedEditorAssemblies (845ms)
				LogAssemblyErrors (0ms)
				InitializePlatformSupportModulesInManaged (17ms)
				SetLoadedEditorAssemblies (1ms)
				RefreshPlugins (2ms)
				BeforeProcessingInitializeOnLoad (164ms)
				ProcessInitializeOnLoadAttributes (515ms)
				ProcessInitializeOnLoadMethodAttributes (127ms)
				AfterProcessingInitializeOnLoad (18ms)
				EditorAssembliesLoaded (0ms)
			ExecutionOrderSort2 (0ms)
			AwakeInstancesAfterBackupRestoration (24ms)
Platform modules already initialized, skipping
Refreshing native plugins compatible for Editor in 5.24 ms, found 7 plugins.
Preloading 0 native plugins for Editor in 0.00 ms.
Unloading 6777 Unused Serialized files (Serialized files now loaded: 0)
Unloading 36 unused Assets / (0.8 MB). Loaded Objects now: 7569.
Memory consumption went from 277.4 MB to 276.6 MB.
Total: 7.319500 ms (FindLiveObjects: 0.725800 ms CreateObjectMapping: 0.874900 ms MarkObjects: 5.120200 ms  DeleteObjects: 0.597400 ms)

AssetImportParameters requested are different than current active one (requested -> active):
  custom:video-decoder-ogg-theora: a1e56fd34408186e4bbccfd4996cb3dc -> 
  custom:container-muxer-webm: aa71ff27fc2769a1b78a27578f13a17b -> 
  custom:container-demuxer-webm: 4f35f7cbe854078d1ac9338744f61a02 -> 
  custom:video-encoder-webm-vp8: eb34c28f22e8b96e1ab97ce403110664 -> 
  custom:video-codec-MediaFoundation-h265: 746d11721c4dcdbdad8f713fa42b33f4 -> 
  custom:audio-encoder-webm-vorbis: bf7c407c2cedff20999df2af8eb42d56 -> 
  custom:framework-win-MediaFoundation: 216162199b28c13a410421893ffa2e32 -> 
  custom:container-demuxer-ogg: 62fdf1f143b41e24485cea50d1cbac27 -> 
  custom:video-decoder-webm-vp8: 9c59270c3fd7afecdb556c50c9e8de78 -> 
  custom:audio-decoder-ogg-vorbis: bf7c407c2cedff20999df2af8eb42d56 -> 
========================================================================
Received Prepare
Registering precompiled user dll's ...
Registered in 0.010403 seconds.
Begin MonoManager ReloadAssembly
Symbol file data-0000028A950D3060 doesn't match image D:\tesi Triennali Magistrali\VR-CSEducation\Educational-Game-Room\Game_Room\Library\ScriptAssemblies\UnityEditor.TestRunner.dll
Symbol file LoadedFromMemory is not a mono symbol file
Symbol file data-0000028A4D6BC520 doesn't match image D:\tesi Triennali Magistrali\VR-CSEducation\Educational-Game-Room\Game_Room\Library\ScriptAssemblies\Unity.Rider.Editor.dll
Symbol file LoadedFromMemory is not a mono symbol file
Symbol file data-0000028A4D453FE0 doesn't match image D:\tesi Triennali Magistrali\VR-CSEducation\Educational-Game-Room\Game_Room\Library\ScriptAssemblies\Unity.Burst.CodeGen.dll
Symbol file LoadedFromMemory is not a mono symbol file
Symbol file data-0000028A94140790 doesn't match image D:\tesi Triennali Magistrali\VR-CSEducation\Educational-Game-Room\Game_Room\Library\ScriptAssemblies\Unity.VisualStudio.Editor.dll
Symbol file LoadedFromMemory is not a mono symbol file
Symbol file data-0000028A4F1AF6B0 doesn't match image D:\tesi Triennali Magistrali\VR-CSEducation\Educational-Game-Room\Game_Room\Library\ScriptAssemblies\UnityEngine.TestRunner.dll
Symbol file LoadedFromMemory is not a mono symbol file
Symbol file data-0000028A91E5E080 doesn't match image D:\tesi Triennali Magistrali\VR-CSEducation\Educational-Game-Room\Game_Room\Library\ScriptAssemblies\Unity.PlasticSCM.Editor.dll
Symbol file LoadedFromMemory is not a mono symbol file
Symbol file data-0000028A456A9020 doesn't match image D:\tesi Triennali Magistrali\VR-CSEducation\Educational-Game-Room\Game_Room\Library\ScriptAssemblies\Unity.TestTools.CodeCoverage.Editor.dll
Symbol file LoadedFromMemory is not a mono symbol file
Symbol file LoadedFromMemory doesn't match image D:\tesi Triennali Magistrali\VR-CSEducation\Educational-Game-Room\Game_Room\Library\PackageCache\com.unity.visualscripting@1.7.8\Editor\VisualScripting.Core\Dependencies\YamlDotNet\Unity.VisualScripting.YamlDotNet.dll
Symbol file LoadedFromMemory doesn't match image D:\tesi Triennali Magistrali\VR-CSEducation\Educational-Game-Room\Game_Room\Library\PackageCache\com.unity.visualscripting@1.7.8\Editor\VisualScripting.Core\Dependencies\DotNetZip\Unity.VisualScripting.IonicZip.dll
Native extension for WindowsStandalone target not found
Refreshing native plugins compatible for Editor in 1.79 ms, found 7 plugins.
Preloading 0 native plugins for Editor in 0.00 ms.
Mono: successfully reloaded assembly
- Completed reload, in  1.892 seconds
Domain Reload Profiling:
	ReloadAssembly (1892ms)
		BeginReloadAssembly (177ms)
			ExecutionOrderSort (0ms)
			DisableScriptedObjects (7ms)
			BackupInstance (0ms)
			ReleaseScriptingObjects (0ms)
			CreateAndSetChildDomain (53ms)
		EndReloadAssembly (1573ms)
			LoadAssemblies (156ms)
			RebuildTransferFunctionScriptingTraits (0ms)
			SetupTypeCache (531ms)
			ReleaseScriptCaches (2ms)
			RebuildScriptCaches (78ms)
			SetupLoadedEditorAssemblies (728ms)
				LogAssemblyErrors (0ms)
				InitializePlatformSupportModulesInManaged (15ms)
				SetLoadedEditorAssemblies (1ms)
				RefreshPlugins (2ms)
				BeforeProcessingInitializeOnLoad (153ms)
				ProcessInitializeOnLoadAttributes (437ms)
				ProcessInitializeOnLoadMethodAttributes (107ms)
				AfterProcessingInitializeOnLoad (13ms)
				EditorAssembliesLoaded (0ms)
			ExecutionOrderSort2 (0ms)
			AwakeInstancesAfterBackupRestoration (21ms)
Platform modules already initialized, skipping
Refreshing native plugins compatible for Editor in 6.69 ms, found 7 plugins.
Preloading 0 native plugins for Editor in 0.00 ms.
Unloading 6777 Unused Serialized files (Serialized files now loaded: 0)
Unloading 36 unused Assets / (0.8 MB). Loaded Objects now: 7585.
Memory consumption went from 277.4 MB to 276.6 MB.
Total: 8.424100 ms (FindLiveObjects: 0.543200 ms CreateObjectMapping: 0.576100 ms MarkObjects: 5.535100 ms  DeleteObjects: 1.768300 ms)

AssetImportParameters requested are different than current active one (requested -> active):
  custom:video-decoder-ogg-theora: a1e56fd34408186e4bbccfd4996cb3dc -> 
  custom:container-muxer-webm: aa71ff27fc2769a1b78a27578f13a17b -> 
  custom:container-demuxer-webm: 4f35f7cbe854078d1ac9338744f61a02 -> 
  custom:video-encoder-webm-vp8: eb34c28f22e8b96e1ab97ce403110664 -> 
  custom:video-codec-MediaFoundation-h265: 746d11721c4dcdbdad8f713fa42b33f4 -> 
  custom:audio-encoder-webm-vorbis: bf7c407c2cedff20999df2af8eb42d56 -> 
  custom:framework-win-MediaFoundation: 216162199b28c13a410421893ffa2e32 -> 
  custom:container-demuxer-ogg: 62fdf1f143b41e24485cea50d1cbac27 -> 
  custom:video-decoder-webm-vp8: 9c59270c3fd7afecdb556c50c9e8de78 -> 
  custom:audio-decoder-ogg-vorbis: bf7c407c2cedff20999df2af8eb42d56 -> 
========================================================================
Received Prepare
Registering precompiled user dll's ...
Registered in 0.011468 seconds.
Begin MonoManager ReloadAssembly
Symbol file data-0000028A4DCA8010 doesn't match image D:\tesi Triennali Magistrali\VR-CSEducation\Educational-Game-Room\Game_Room\Library\ScriptAssemblies\UnityEditor.TestRunner.dll
Symbol file LoadedFromMemory is not a mono symbol file
Symbol file data-0000028A47926A70 doesn't match image D:\tesi Triennali Magistrali\VR-CSEducation\Educational-Game-Room\Game_Room\Library\ScriptAssemblies\Unity.Rider.Editor.dll
Symbol file LoadedFromMemory is not a mono symbol file
Symbol file data-0000028A4AC07760 doesn't match image D:\tesi Triennali Magistrali\VR-CSEducation\Educational-Game-Room\Game_Room\Library\ScriptAssemblies\Unity.Burst.CodeGen.dll
Symbol file LoadedFromMemory is not a mono symbol file
Symbol file data-0000028A4E09E510 doesn't match image D:\tesi Triennali Magistrali\VR-CSEducation\Educational-Game-Room\Game_Room\Library\ScriptAssemblies\Unity.VisualStudio.Editor.dll
Symbol file LoadedFromMemory is not a mono symbol file
Symbol file data-0000028A4F1AF6B0 doesn't match image D:\tesi Triennali Magistrali\VR-CSEducation\Educational-Game-Room\Game_Room\Library\ScriptAssemblies\UnityEngine.TestRunner.dll
Symbol file LoadedFromMemory is not a mono symbol file
Symbol file data-0000028A4D707040 doesn't match image D:\tesi Triennali Magistrali\VR-CSEducation\Educational-Game-Room\Game_Room\Library\ScriptAssemblies\Unity.PlasticSCM.Editor.dll
Symbol file LoadedFromMemory is not a mono symbol file
Symbol file data-0000028A48DD4020 doesn't match image D:\tesi Triennali Magistrali\VR-CSEducation\Educational-Game-Room\Game_Room\Library\ScriptAssemblies\Unity.TestTools.CodeCoverage.Editor.dll
Symbol file LoadedFromMemory is not a mono symbol file
Symbol file LoadedFromMemory doesn't match image D:\tesi Triennali Magistrali\VR-CSEducation\Educational-Game-Room\Game_Room\Library\PackageCache\com.unity.visualscripting@1.7.8\Editor\VisualScripting.Core\Dependencies\YamlDotNet\Unity.VisualScripting.YamlDotNet.dll
Symbol file LoadedFromMemory doesn't match image D:\tesi Triennali Magistrali\VR-CSEducation\Educational-Game-Room\Game_Room\Library\PackageCache\com.unity.visualscripting@1.7.8\Editor\VisualScripting.Core\Dependencies\DotNetZip\Unity.VisualScripting.IonicZip.dll
Native extension for WindowsStandalone target not found
Refreshing native plugins compatible for Editor in 2.00 ms, found 7 plugins.
Preloading 0 native plugins for Editor in 0.00 ms.
Mono: successfully reloaded assembly
- Completed reload, in  2.080 seconds
Domain Reload Profiling:
	ReloadAssembly (2081ms)
		BeginReloadAssembly (217ms)
			ExecutionOrderSort (0ms)
			DisableScriptedObjects (8ms)
			BackupInstance (0ms)
			ReleaseScriptingObjects (0ms)
			CreateAndSetChildDomain (75ms)
		EndReloadAssembly (1715ms)
			LoadAssemblies (155ms)
			RebuildTransferFunctionScriptingTraits (0ms)
			SetupTypeCache (531ms)
			ReleaseScriptCaches (2ms)
			RebuildScriptCaches (85ms)
			SetupLoadedEditorAssemblies (857ms)
				LogAssemblyErrors (0ms)
				InitializePlatformSupportModulesInManaged (16ms)
				SetLoadedEditorAssemblies (1ms)
				RefreshPlugins (2ms)
				BeforeProcessingInitializeOnLoad (177ms)
				ProcessInitializeOnLoadAttributes (519ms)
				ProcessInitializeOnLoadMethodAttributes (126ms)
				AfterProcessingInitializeOnLoad (16ms)
				EditorAssembliesLoaded (0ms)
			ExecutionOrderSort2 (0ms)
			AwakeInstancesAfterBackupRestoration (25ms)
Platform modules already initialized, skipping
Refreshing native plugins compatible for Editor in 5.01 ms, found 7 plugins.
Preloading 0 native plugins for Editor in 0.00 ms.
Unloading 6777 Unused Serialized files (Serialized files now loaded: 0)
Unloading 36 unused Assets / (0.8 MB). Loaded Objects now: 7601.
Memory consumption went from 277.4 MB to 276.7 MB.
Total: 7.281100 ms (FindLiveObjects: 0.505500 ms CreateObjectMapping: 0.780000 ms MarkObjects: 5.599600 ms  DeleteObjects: 0.395200 ms)

AssetImportParameters requested are different than current active one (requested -> active):
  custom:video-decoder-ogg-theora: a1e56fd34408186e4bbccfd4996cb3dc -> 
  custom:container-muxer-webm: aa71ff27fc2769a1b78a27578f13a17b -> 
  custom:container-demuxer-webm: 4f35f7cbe854078d1ac9338744f61a02 -> 
  custom:video-encoder-webm-vp8: eb34c28f22e8b96e1ab97ce403110664 -> 
  custom:video-codec-MediaFoundation-h265: 746d11721c4dcdbdad8f713fa42b33f4 -> 
  custom:audio-encoder-webm-vorbis: bf7c407c2cedff20999df2af8eb42d56 -> 
  custom:framework-win-MediaFoundation: 216162199b28c13a410421893ffa2e32 -> 
  custom:container-demuxer-ogg: 62fdf1f143b41e24485cea50d1cbac27 -> 
  custom:video-decoder-webm-vp8: 9c59270c3fd7afecdb556c50c9e8de78 -> 
  custom:audio-decoder-ogg-vorbis: bf7c407c2cedff20999df2af8eb42d56 -> 
========================================================================
Received Prepare
Registering precompiled user dll's ...
Registered in 0.010112 seconds.
Begin MonoManager ReloadAssembly
Symbol file data-0000028A94C83030 doesn't match image D:\tesi Triennali Magistrali\VR-CSEducation\Educational-Game-Room\Game_Room\Library\ScriptAssemblies\UnityEditor.TestRunner.dll
Symbol file LoadedFromMemory is not a mono symbol file
Symbol file data-0000028A47926A70 doesn't match image D:\tesi Triennali Magistrali\VR-CSEducation\Educational-Game-Room\Game_Room\Library\ScriptAssemblies\Unity.Rider.Editor.dll
Symbol file LoadedFromMemory is not a mono symbol file
Symbol file data-0000028A4AC07760 doesn't match image D:\tesi Triennali Magistrali\VR-CSEducation\Educational-Game-Room\Game_Room\Library\ScriptAssemblies\Unity.Burst.CodeGen.dll
Symbol file LoadedFromMemory is not a mono symbol file
Symbol file data-0000028A4E09E510 doesn't match image D:\tesi Triennali Magistrali\VR-CSEducation\Educational-Game-Room\Game_Room\Library\ScriptAssemblies\Unity.VisualStudio.Editor.dll
Symbol file LoadedFromMemory is not a mono symbol file
Symbol file data-0000028A4F1AF6B0 doesn't match image D:\tesi Triennali Magistrali\VR-CSEducation\Educational-Game-Room\Game_Room\Library\ScriptAssemblies\UnityEngine.TestRunner.dll
Symbol file LoadedFromMemory is not a mono symbol file
Symbol file data-0000028A4D707040 doesn't match image D:\tesi Triennali Magistrali\VR-CSEducation\Educational-Game-Room\Game_Room\Library\ScriptAssemblies\Unity.PlasticSCM.Editor.dll
Symbol file LoadedFromMemory is not a mono symbol file
Symbol file data-0000028A48DD4020 doesn't match image D:\tesi Triennali Magistrali\VR-CSEducation\Educational-Game-Room\Game_Room\Library\ScriptAssemblies\Unity.TestTools.CodeCoverage.Editor.dll
Symbol file LoadedFromMemory is not a mono symbol file
Symbol file LoadedFromMemory doesn't match image D:\tesi Triennali Magistrali\VR-CSEducation\Educational-Game-Room\Game_Room\Library\PackageCache\com.unity.visualscripting@1.7.8\Editor\VisualScripting.Core\Dependencies\YamlDotNet\Unity.VisualScripting.YamlDotNet.dll
Symbol file LoadedFromMemory doesn't match image D:\tesi Triennali Magistrali\VR-CSEducation\Educational-Game-Room\Game_Room\Library\PackageCache\com.unity.visualscripting@1.7.8\Editor\VisualScripting.Core\Dependencies\DotNetZip\Unity.VisualScripting.IonicZip.dll
Native extension for WindowsStandalone target not found
Refreshing native plugins compatible for Editor in 2.07 ms, found 7 plugins.
Preloading 0 native plugins for Editor in 0.00 ms.
Mono: successfully reloaded assembly
- Completed reload, in  1.916 seconds
Domain Reload Profiling:
	ReloadAssembly (1917ms)
		BeginReloadAssembly (180ms)
			ExecutionOrderSort (0ms)
			DisableScriptedObjects (8ms)
			BackupInstance (0ms)
			ReleaseScriptingObjects (0ms)
			CreateAndSetChildDomain (53ms)
		EndReloadAssembly (1591ms)
			LoadAssemblies (134ms)
			RebuildTransferFunctionScriptingTraits (0ms)
			SetupTypeCache (471ms)
			ReleaseScriptCaches (3ms)
			RebuildScriptCaches (83ms)
			SetupLoadedEditorAssemblies (818ms)
				LogAssemblyErrors (0ms)
				InitializePlatformSupportModulesInManaged (17ms)
				SetLoadedEditorAssemblies (1ms)
				RefreshPlugins (2ms)
				BeforeProcessingInitializeOnLoad (164ms)
				ProcessInitializeOnLoadAttributes (493ms)
				ProcessInitializeOnLoadMethodAttributes (126ms)
				AfterProcessingInitializeOnLoad (16ms)
				EditorAssembliesLoaded (0ms)
			ExecutionOrderSort2 (0ms)
			AwakeInstancesAfterBackupRestoration (24ms)
Platform modules already initialized, skipping
Refreshing native plugins compatible for Editor in 5.38 ms, found 7 plugins.
Preloading 0 native plugins for Editor in 0.00 ms.
Unloading 6777 Unused Serialized files (Serialized files now loaded: 0)
Unloading 36 unused Assets / (0.8 MB). Loaded Objects now: 7617.
Memory consumption went from 277.4 MB to 276.7 MB.
Total: 4.911200 ms (FindLiveObjects: 0.527700 ms CreateObjectMapping: 0.536600 ms MarkObjects: 3.314200 ms  DeleteObjects: 0.531800 ms)

AssetImportParameters requested are different than current active one (requested -> active):
  custom:video-decoder-ogg-theora: a1e56fd34408186e4bbccfd4996cb3dc -> 
  custom:container-muxer-webm: aa71ff27fc2769a1b78a27578f13a17b -> 
  custom:container-demuxer-webm: 4f35f7cbe854078d1ac9338744f61a02 -> 
  custom:video-encoder-webm-vp8: eb34c28f22e8b96e1ab97ce403110664 -> 
  custom:video-codec-MediaFoundation-h265: 746d11721c4dcdbdad8f713fa42b33f4 -> 
  custom:audio-encoder-webm-vorbis: bf7c407c2cedff20999df2af8eb42d56 -> 
  custom:framework-win-MediaFoundation: 216162199b28c13a410421893ffa2e32 -> 
  custom:container-demuxer-ogg: 62fdf1f143b41e24485cea50d1cbac27 -> 
  custom:video-decoder-webm-vp8: 9c59270c3fd7afecdb556c50c9e8de78 -> 
  custom:audio-decoder-ogg-vorbis: bf7c407c2cedff20999df2af8eb42d56 -> 
========================================================================
Received Prepare
Registering precompiled user dll's ...
Registered in 0.009229 seconds.
Begin MonoManager ReloadAssembly
Symbol file data-0000028A4A8720B0 doesn't match image D:\tesi Triennali Magistrali\VR-CSEducation\Educational-Game-Room\Game_Room\Library\ScriptAssemblies\UnityEditor.TestRunner.dll
Symbol file LoadedFromMemory is not a mono symbol file
Symbol file data-0000028A4D460330 doesn't match image D:\tesi Triennali Magistrali\VR-CSEducation\Educational-Game-Room\Game_Room\Library\ScriptAssemblies\Unity.Rider.Editor.dll
Symbol file LoadedFromMemory is not a mono symbol file
Symbol file data-0000028A95135010 doesn't match image D:\tesi Triennali Magistrali\VR-CSEducation\Educational-Game-Room\Game_Room\Library\ScriptAssemblies\Unity.Burst.CodeGen.dll
Symbol file LoadedFromMemory is not a mono symbol file
Symbol file data-0000028A4A313010 doesn't match image D:\tesi Triennali Magistrali\VR-CSEducation\Educational-Game-Room\Game_Room\Library\ScriptAssemblies\Unity.VisualStudio.Editor.dll
Symbol file LoadedFromMemory is not a mono symbol file
Symbol file data-0000028A4F1AF6B0 doesn't match image D:\tesi Triennali Magistrali\VR-CSEducation\Educational-Game-Room\Game_Room\Library\ScriptAssemblies\UnityEngine.TestRunner.dll
Symbol file LoadedFromMemory is not a mono symbol file
Symbol file data-0000028A4D707040 doesn't match image D:\tesi Triennali Magistrali\VR-CSEducation\Educational-Game-Room\Game_Room\Library\ScriptAssemblies\Unity.PlasticSCM.Editor.dll
Symbol file LoadedFromMemory is not a mono symbol file
Symbol file data-0000028A9227C020 doesn't match image D:\tesi Triennali Magistrali\VR-CSEducation\Educational-Game-Room\Game_Room\Library\ScriptAssemblies\Unity.TestTools.CodeCoverage.Editor.dll
Symbol file LoadedFromMemory is not a mono symbol file
Symbol file LoadedFromMemory doesn't match image D:\tesi Triennali Magistrali\VR-CSEducation\Educational-Game-Room\Game_Room\Library\PackageCache\com.unity.visualscripting@1.7.8\Editor\VisualScripting.Core\Dependencies\YamlDotNet\Unity.VisualScripting.YamlDotNet.dll
Symbol file LoadedFromMemory doesn't match image D:\tesi Triennali Magistrali\VR-CSEducation\Educational-Game-Room\Game_Room\Library\PackageCache\com.unity.visualscripting@1.7.8\Editor\VisualScripting.Core\Dependencies\DotNetZip\Unity.VisualScripting.IonicZip.dll
Native extension for WindowsStandalone target not found
Refreshing native plugins compatible for Editor in 1.70 ms, found 7 plugins.
Preloading 0 native plugins for Editor in 0.00 ms.
Mono: successfully reloaded assembly
- Completed reload, in  1.878 seconds
Domain Reload Profiling:
	ReloadAssembly (1879ms)
		BeginReloadAssembly (214ms)
			ExecutionOrderSort (0ms)
			DisableScriptedObjects (6ms)
			BackupInstance (0ms)
			ReleaseScriptingObjects (0ms)
			CreateAndSetChildDomain (85ms)
		EndReloadAssembly (1521ms)
			LoadAssemblies (133ms)
			RebuildTransferFunctionScriptingTraits (0ms)
			SetupTypeCache (464ms)
			ReleaseScriptCaches (3ms)
			RebuildScriptCaches (79ms)
			SetupLoadedEditorAssemblies (767ms)
				LogAssemblyErrors (0ms)
				InitializePlatformSupportModulesInManaged (16ms)
				SetLoadedEditorAssemblies (0ms)
				RefreshPlugins (2ms)
				BeforeProcessingInitializeOnLoad (168ms)
				ProcessInitializeOnLoadAttributes (465ms)
				ProcessInitializeOnLoadMethodAttributes (102ms)
				AfterProcessingInitializeOnLoad (13ms)
				EditorAssembliesLoaded (0ms)
			ExecutionOrderSort2 (0ms)
			AwakeInstancesAfterBackupRestoration (21ms)
Platform modules already initialized, skipping
Refreshing native plugins compatible for Editor in 5.51 ms, found 7 plugins.
Preloading 0 native plugins for Editor in 0.00 ms.
Unloading 6777 Unused Serialized files (Serialized files now loaded: 0)
Unloading 36 unused Assets / (0.8 MB). Loaded Objects now: 7633.
Memory consumption went from 277.5 MB to 276.7 MB.
Total: 5.913900 ms (FindLiveObjects: 0.529600 ms CreateObjectMapping: 0.546700 ms MarkObjects: 4.422100 ms  DeleteObjects: 0.414500 ms)

AssetImportParameters requested are different than current active one (requested -> active):
  custom:video-decoder-ogg-theora: a1e56fd34408186e4bbccfd4996cb3dc -> 
  custom:container-muxer-webm: aa71ff27fc2769a1b78a27578f13a17b -> 
  custom:container-demuxer-webm: 4f35f7cbe854078d1ac9338744f61a02 -> 
  custom:video-encoder-webm-vp8: eb34c28f22e8b96e1ab97ce403110664 -> 
  custom:video-codec-MediaFoundation-h265: 746d11721c4dcdbdad8f713fa42b33f4 -> 
  custom:audio-encoder-webm-vorbis: bf7c407c2cedff20999df2af8eb42d56 -> 
  custom:framework-win-MediaFoundation: 216162199b28c13a410421893ffa2e32 -> 
  custom:container-demuxer-ogg: 62fdf1f143b41e24485cea50d1cbac27 -> 
  custom:video-decoder-webm-vp8: 9c59270c3fd7afecdb556c50c9e8de78 -> 
  custom:audio-decoder-ogg-vorbis: bf7c407c2cedff20999df2af8eb42d56 -> 
========================================================================
Received Prepare
Registering precompiled user dll's ...
Registered in 0.013669 seconds.
Begin MonoManager ReloadAssembly
Symbol file data-0000028A4A8720B0 doesn't match image D:\tesi Triennali Magistrali\VR-CSEducation\Educational-Game-Room\Game_Room\Library\ScriptAssemblies\UnityEditor.TestRunner.dll
Symbol file LoadedFromMemory is not a mono symbol file
Symbol file data-0000028A4D460330 doesn't match image D:\tesi Triennali Magistrali\VR-CSEducation\Educational-Game-Room\Game_Room\Library\ScriptAssemblies\Unity.Rider.Editor.dll
Symbol file LoadedFromMemory is not a mono symbol file
Symbol file data-0000028A47FA28B0 doesn't match image D:\tesi Triennali Magistrali\VR-CSEducation\Educational-Game-Room\Game_Room\Library\ScriptAssemblies\Unity.Burst.CodeGen.dll
Symbol file LoadedFromMemory is not a mono symbol file
Symbol file data-0000028A4DD5B050 doesn't match image D:\tesi Triennali Magistrali\VR-CSEducation\Educational-Game-Room\Game_Room\Library\ScriptAssemblies\Unity.VisualStudio.Editor.dll
Symbol file LoadedFromMemory is not a mono symbol file
Symbol file data-0000028A4F1AF6B0 doesn't match image D:\tesi Triennali Magistrali\VR-CSEducation\Educational-Game-Room\Game_Room\Library\ScriptAssemblies\UnityEngine.TestRunner.dll
Symbol file LoadedFromMemory is not a mono symbol file
Symbol file data-0000028A4D707040 doesn't match image D:\tesi Triennali Magistrali\VR-CSEducation\Educational-Game-Room\Game_Room\Library\ScriptAssemblies\Unity.PlasticSCM.Editor.dll
Symbol file LoadedFromMemory is not a mono symbol file
Symbol file data-0000028A4DC2AB90 doesn't match image D:\tesi Triennali Magistrali\VR-CSEducation\Educational-Game-Room\Game_Room\Library\ScriptAssemblies\Unity.TestTools.CodeCoverage.Editor.dll
Symbol file LoadedFromMemory is not a mono symbol file
Symbol file LoadedFromMemory doesn't match image D:\tesi Triennali Magistrali\VR-CSEducation\Educational-Game-Room\Game_Room\Library\PackageCache\com.unity.visualscripting@1.7.8\Editor\VisualScripting.Core\Dependencies\YamlDotNet\Unity.VisualScripting.YamlDotNet.dll
Symbol file LoadedFromMemory doesn't match image D:\tesi Triennali Magistrali\VR-CSEducation\Educational-Game-Room\Game_Room\Library\PackageCache\com.unity.visualscripting@1.7.8\Editor\VisualScripting.Core\Dependencies\DotNetZip\Unity.VisualScripting.IonicZip.dll
Native extension for WindowsStandalone target not found
Refreshing native plugins compatible for Editor in 2.68 ms, found 7 plugins.
Preloading 0 native plugins for Editor in 0.00 ms.
Mono: successfully reloaded assembly
- Completed reload, in  2.180 seconds
Domain Reload Profiling:
	ReloadAssembly (2180ms)
		BeginReloadAssembly (257ms)
			ExecutionOrderSort (0ms)
			DisableScriptedObjects (17ms)
			BackupInstance (0ms)
			ReleaseScriptingObjects (0ms)
			CreateAndSetChildDomain (70ms)
		EndReloadAssembly (1712ms)
			LoadAssemblies (156ms)
			RebuildTransferFunctionScriptingTraits (0ms)
			SetupTypeCache (520ms)
			ReleaseScriptCaches (3ms)
			RebuildScriptCaches (103ms)
			SetupLoadedEditorAssemblies (841ms)
				LogAssemblyErrors (0ms)
				InitializePlatformSupportModulesInManaged (18ms)
				SetLoadedEditorAssemblies (1ms)
				RefreshPlugins (3ms)
				BeforeProcessingInitializeOnLoad (187ms)
				ProcessInitializeOnLoadAttributes (502ms)
				ProcessInitializeOnLoadMethodAttributes (115ms)
				AfterProcessingInitializeOnLoad (15ms)
				EditorAssembliesLoaded (0ms)
			ExecutionOrderSort2 (0ms)
			AwakeInstancesAfterBackupRestoration (22ms)
Platform modules already initialized, skipping
Refreshing native plugins compatible for Editor in 5.76 ms, found 7 plugins.
Preloading 0 native plugins for Editor in 0.00 ms.
Unloading 6777 Unused Serialized files (Serialized files now loaded: 0)
Unloading 36 unused Assets / (0.8 MB). Loaded Objects now: 7649.
Memory consumption went from 277.5 MB to 276.7 MB.
Total: 18.925100 ms (FindLiveObjects: 0.644800 ms CreateObjectMapping: 0.754900 ms MarkObjects: 16.985400 ms  DeleteObjects: 0.538800 ms)

AssetImportParameters requested are different than current active one (requested -> active):
  custom:video-decoder-ogg-theora: a1e56fd34408186e4bbccfd4996cb3dc -> 
  custom:container-muxer-webm: aa71ff27fc2769a1b78a27578f13a17b -> 
  custom:container-demuxer-webm: 4f35f7cbe854078d1ac9338744f61a02 -> 
  custom:video-encoder-webm-vp8: eb34c28f22e8b96e1ab97ce403110664 -> 
  custom:video-codec-MediaFoundation-h265: 746d11721c4dcdbdad8f713fa42b33f4 -> 
  custom:audio-encoder-webm-vorbis: bf7c407c2cedff20999df2af8eb42d56 -> 
  custom:framework-win-MediaFoundation: 216162199b28c13a410421893ffa2e32 -> 
  custom:container-demuxer-ogg: 62fdf1f143b41e24485cea50d1cbac27 -> 
  custom:video-decoder-webm-vp8: 9c59270c3fd7afecdb556c50c9e8de78 -> 
  custom:audio-decoder-ogg-vorbis: bf7c407c2cedff20999df2af8eb42d56 -> 
========================================================================
Received Prepare
Registering precompiled user dll's ...
Registered in 0.009982 seconds.
Begin MonoManager ReloadAssembly
Symbol file data-0000028A4A8720B0 doesn't match image D:\tesi Triennali Magistrali\VR-CSEducation\Educational-Game-Room\Game_Room\Library\ScriptAssemblies\UnityEditor.TestRunner.dll
Symbol file LoadedFromMemory is not a mono symbol file
Symbol file data-0000028A4D460330 doesn't match image D:\tesi Triennali Magistrali\VR-CSEducation\Educational-Game-Room\Game_Room\Library\ScriptAssemblies\Unity.Rider.Editor.dll
Symbol file LoadedFromMemory is not a mono symbol file
Symbol file data-0000028A936F22F0 doesn't match image D:\tesi Triennali Magistrali\VR-CSEducation\Educational-Game-Room\Game_Room\Library\ScriptAssemblies\Unity.Burst.CodeGen.dll
Symbol file LoadedFromMemory is not a mono symbol file
Symbol file data-0000028A4D790030 doesn't match image D:\tesi Triennali Magistrali\VR-CSEducation\Educational-Game-Room\Game_Room\Library\ScriptAssemblies\Unity.VisualStudio.Editor.dll
Symbol file LoadedFromMemory is not a mono symbol file
Symbol file data-0000028A4F1AF6B0 doesn't match image D:\tesi Triennali Magistrali\VR-CSEducation\Educational-Game-Room\Game_Room\Library\ScriptAssemblies\UnityEngine.TestRunner.dll
Symbol file LoadedFromMemory is not a mono symbol file
Symbol file data-0000028A4D707040 doesn't match image D:\tesi Triennali Magistrali\VR-CSEducation\Educational-Game-Room\Game_Room\Library\ScriptAssemblies\Unity.PlasticSCM.Editor.dll
Symbol file LoadedFromMemory is not a mono symbol file
Symbol file data-0000028A48BAC680 doesn't match image D:\tesi Triennali Magistrali\VR-CSEducation\Educational-Game-Room\Game_Room\Library\ScriptAssemblies\Unity.TestTools.CodeCoverage.Editor.dll
Symbol file LoadedFromMemory is not a mono symbol file
Symbol file LoadedFromMemory doesn't match image D:\tesi Triennali Magistrali\VR-CSEducation\Educational-Game-Room\Game_Room\Library\PackageCache\com.unity.visualscripting@1.7.8\Editor\VisualScripting.Core\Dependencies\YamlDotNet\Unity.VisualScripting.YamlDotNet.dll
Symbol file LoadedFromMemory doesn't match image D:\tesi Triennali Magistrali\VR-CSEducation\Educational-Game-Room\Game_Room\Library\PackageCache\com.unity.visualscripting@1.7.8\Editor\VisualScripting.Core\Dependencies\DotNetZip\Unity.VisualScripting.IonicZip.dll
Native extension for WindowsStandalone target not found
Refreshing native plugins compatible for Editor in 2.59 ms, found 7 plugins.
Preloading 0 native plugins for Editor in 0.00 ms.
Mono: successfully reloaded assembly
- Completed reload, in  1.893 seconds
Domain Reload Profiling:
	ReloadAssembly (1894ms)
		BeginReloadAssembly (185ms)
			ExecutionOrderSort (0ms)
			DisableScriptedObjects (8ms)
			BackupInstance (0ms)
			ReleaseScriptingObjects (0ms)
			CreateAndSetChildDomain (55ms)
		EndReloadAssembly (1564ms)
			LoadAssemblies (130ms)
			RebuildTransferFunctionScriptingTraits (0ms)
			SetupTypeCache (472ms)
			ReleaseScriptCaches (3ms)
			RebuildScriptCaches (78ms)
			SetupLoadedEditorAssemblies (795ms)
				LogAssemblyErrors (0ms)
				InitializePlatformSupportModulesInManaged (16ms)
				SetLoadedEditorAssemblies (1ms)
				RefreshPlugins (3ms)
				BeforeProcessingInitializeOnLoad (161ms)
				ProcessInitializeOnLoadAttributes (491ms)
				ProcessInitializeOnLoadMethodAttributes (110ms)
				AfterProcessingInitializeOnLoad (14ms)
				EditorAssembliesLoaded (0ms)
			ExecutionOrderSort2 (0ms)
			AwakeInstancesAfterBackupRestoration (22ms)
Platform modules already initialized, skipping
Refreshing native plugins compatible for Editor in 4.38 ms, found 7 plugins.
Preloading 0 native plugins for Editor in 0.00 ms.
Unloading 6777 Unused Serialized files (Serialized files now loaded: 0)
Unloading 36 unused Assets / (0.8 MB). Loaded Objects now: 7665.
Memory consumption went from 277.5 MB to 276.8 MB.
Total: 5.344000 ms (FindLiveObjects: 0.518000 ms CreateObjectMapping: 0.562000 ms MarkObjects: 3.853700 ms  DeleteObjects: 0.409500 ms)

AssetImportParameters requested are different than current active one (requested -> active):
  custom:video-decoder-ogg-theora: a1e56fd34408186e4bbccfd4996cb3dc -> 
  custom:container-muxer-webm: aa71ff27fc2769a1b78a27578f13a17b -> 
  custom:container-demuxer-webm: 4f35f7cbe854078d1ac9338744f61a02 -> 
  custom:video-encoder-webm-vp8: eb34c28f22e8b96e1ab97ce403110664 -> 
  custom:video-codec-MediaFoundation-h265: 746d11721c4dcdbdad8f713fa42b33f4 -> 
  custom:audio-encoder-webm-vorbis: bf7c407c2cedff20999df2af8eb42d56 -> 
  custom:framework-win-MediaFoundation: 216162199b28c13a410421893ffa2e32 -> 
  custom:container-demuxer-ogg: 62fdf1f143b41e24485cea50d1cbac27 -> 
  custom:video-decoder-webm-vp8: 9c59270c3fd7afecdb556c50c9e8de78 -> 
  custom:audio-decoder-ogg-vorbis: bf7c407c2cedff20999df2af8eb42d56 -> 
========================================================================
Received Prepare
Registering precompiled user dll's ...
Registered in 0.012264 seconds.
Begin MonoManager ReloadAssembly
Symbol file data-0000028A45394590 doesn't match image D:\tesi Triennali Magistrali\VR-CSEducation\Educational-Game-Room\Game_Room\Library\ScriptAssemblies\UnityEditor.TestRunner.dll
Symbol file LoadedFromMemory is not a mono symbol file
Symbol file data-0000028A4D460330 doesn't match image D:\tesi Triennali Magistrali\VR-CSEducation\Educational-Game-Room\Game_Room\Library\ScriptAssemblies\Unity.Rider.Editor.dll
Symbol file LoadedFromMemory is not a mono symbol file
Symbol file data-0000028A936F22F0 doesn't match image D:\tesi Triennali Magistrali\VR-CSEducation\Educational-Game-Room\Game_Room\Library\ScriptAssemblies\Unity.Burst.CodeGen.dll
Symbol file LoadedFromMemory is not a mono symbol file
Symbol file data-0000028A4DD76F90 doesn't match image D:\tesi Triennali Magistrali\VR-CSEducation\Educational-Game-Room\Game_Room\Library\ScriptAssemblies\Unity.VisualStudio.Editor.dll
Symbol file LoadedFromMemory is not a mono symbol file
Symbol file data-0000028A4F1AF6B0 doesn't match image D:\tesi Triennali Magistrali\VR-CSEducation\Educational-Game-Room\Game_Room\Library\ScriptAssemblies\UnityEngine.TestRunner.dll
Symbol file LoadedFromMemory is not a mono symbol file
Symbol file data-0000028A4D707040 doesn't match image D:\tesi Triennali Magistrali\VR-CSEducation\Educational-Game-Room\Game_Room\Library\ScriptAssemblies\Unity.PlasticSCM.Editor.dll
Symbol file LoadedFromMemory is not a mono symbol file
Symbol file data-0000028A9227C020 doesn't match image D:\tesi Triennali Magistrali\VR-CSEducation\Educational-Game-Room\Game_Room\Library\ScriptAssemblies\Unity.TestTools.CodeCoverage.Editor.dll
Symbol file LoadedFromMemory is not a mono symbol file
Symbol file LoadedFromMemory doesn't match image D:\tesi Triennali Magistrali\VR-CSEducation\Educational-Game-Room\Game_Room\Library\PackageCache\com.unity.visualscripting@1.7.8\Editor\VisualScripting.Core\Dependencies\YamlDotNet\Unity.VisualScripting.YamlDotNet.dll
Symbol file LoadedFromMemory doesn't match image D:\tesi Triennali Magistrali\VR-CSEducation\Educational-Game-Room\Game_Room\Library\PackageCache\com.unity.visualscripting@1.7.8\Editor\VisualScripting.Core\Dependencies\DotNetZip\Unity.VisualScripting.IonicZip.dll
Native extension for WindowsStandalone target not found
Refreshing native plugins compatible for Editor in 2.45 ms, found 7 plugins.
Preloading 0 native plugins for Editor in 0.00 ms.
Mono: successfully reloaded assembly
- Completed reload, in  2.047 seconds
Domain Reload Profiling:
	ReloadAssembly (2048ms)
		BeginReloadAssembly (210ms)
			ExecutionOrderSort (0ms)
			DisableScriptedObjects (18ms)
			BackupInstance (0ms)
			ReleaseScriptingObjects (0ms)
			CreateAndSetChildDomain (53ms)
		EndReloadAssembly (1688ms)
			LoadAssemblies (142ms)
			RebuildTransferFunctionScriptingTraits (0ms)
			SetupTypeCache (506ms)
			ReleaseScriptCaches (3ms)
			RebuildScriptCaches (95ms)
			SetupLoadedEditorAssemblies (869ms)
				LogAssemblyErrors (0ms)
				InitializePlatformSupportModulesInManaged (20ms)
				SetLoadedEditorAssemblies (1ms)
				RefreshPlugins (3ms)
				BeforeProcessingInitializeOnLoad (173ms)
				ProcessInitializeOnLoadAttributes (523ms)
				ProcessInitializeOnLoadMethodAttributes (133ms)
				AfterProcessingInitializeOnLoad (17ms)
				EditorAssembliesLoaded (0ms)
			ExecutionOrderSort2 (0ms)
			AwakeInstancesAfterBackupRestoration (26ms)
Platform modules already initialized, skipping
Refreshing native plugins compatible for Editor in 5.49 ms, found 7 plugins.
Preloading 0 native plugins for Editor in 0.00 ms.
Unloading 6777 Unused Serialized files (Serialized files now loaded: 0)
Unloading 36 unused Assets / (0.8 MB). Loaded Objects now: 7681.
Memory consumption went from 277.6 MB to 276.8 MB.
Total: 7.154700 ms (FindLiveObjects: 0.580900 ms CreateObjectMapping: 0.619900 ms MarkObjects: 5.265500 ms  DeleteObjects: 0.687400 ms)

AssetImportParameters requested are different than current active one (requested -> active):
  custom:video-decoder-ogg-theora: a1e56fd34408186e4bbccfd4996cb3dc -> 
  custom:container-muxer-webm: aa71ff27fc2769a1b78a27578f13a17b -> 
  custom:container-demuxer-webm: 4f35f7cbe854078d1ac9338744f61a02 -> 
  custom:video-encoder-webm-vp8: eb34c28f22e8b96e1ab97ce403110664 -> 
  custom:video-codec-MediaFoundation-h265: 746d11721c4dcdbdad8f713fa42b33f4 -> 
  custom:audio-encoder-webm-vorbis: bf7c407c2cedff20999df2af8eb42d56 -> 
  custom:framework-win-MediaFoundation: 216162199b28c13a410421893ffa2e32 -> 
  custom:container-demuxer-ogg: 62fdf1f143b41e24485cea50d1cbac27 -> 
  custom:video-decoder-webm-vp8: 9c59270c3fd7afecdb556c50c9e8de78 -> 
  custom:audio-decoder-ogg-vorbis: bf7c407c2cedff20999df2af8eb42d56 -> 
